#
# There is insufficient memory for the Java Runtime Environment to continue.
# Native memory allocation (mmap) failed to map 40894464 bytes for Failed to commit area from 0x000000076d200000 to 0x000000076f900000 of length 40894464.
# Possible reasons:
#   The system is out of physical RAM or swap space
#   The process is running with CompressedOops enabled, and the Java Heap may be blocking the growth of the native heap
# Possible solutions:
#   Reduce memory load on the system
#   Increase physical memory or swap space
#   Check if swap backing store is full
#   Decrease Java heap size (-Xmx/-Xms)
#   Decrease number of Java threads
#   Decrease Java thread stack sizes (-Xss)
#   Set larger code cache with -XX:ReservedCodeCacheSize=
#   JVM is running with Zero Based Compressed Oops mode in which the Java heap is
#     placed in the first 32GB address space. The Java Heap base address is the
#     maximum limit for the native heap growth. Please use -XX:HeapBaseMinAddress
#     to set the Java Heap base and to place the Java Heap above 32GB virtual address.
# This output file may be truncated or incomplete.
#
#  Out of Memory Error (./src/hotspot/os/windows/os_windows.cpp:3619), pid=4220, tid=4112
#
# JRE version: OpenJDK Runtime Environment (11.0.13) (build 11.0.13+0-b1751.21-8125866)
# Java VM: OpenJDK 64-Bit Server VM (11.0.13+0-b1751.21-8125866, mixed mode, tiered, compressed oops, g1 gc, windows-amd64)
# No core dump will be written. Minidumps are not enabled by default on client versions of Windows
#

---------------  S U M M A R Y ------------

Command Line: org.jetbrains.kotlin.cli.jvm.K2JVMCompiler @C:\Users\Bayan\AndroidStudioProjects\ComposeCourse\app\build\20230228_1960532613039642865.compiler.options

Host: Intel(R) Core(TM) i5-4310M CPU @ 2.70GHz, 4 cores, 9G,  Windows 11 , 64 bit Build 22621 (10.0.22621.1194)
Time: Tue Feb 28 11:59:58 2023 Pacific Standard Time elapsed time: 12.436825 seconds (0d 0h 0m 12s)

---------------  T H R E A D  ---------------

Current thread (0x0000020cfec3c000):  VMThread "VM Thread" [stack: 0x0000007e7df00000,0x0000007e7e000000] [id=4112]

Stack: [0x0000007e7df00000,0x0000007e7e000000]
[error occurred during error reporting (printing stack bounds), id 0xc0000005, EXCEPTION_ACCESS_VIOLATION (0xc0000005) at pc=0x0000020ce98c112d]

Native frames: (J=compiled Java code, j=interpreted, Vv=VM code, C=native code)
V  [jvm.dll+0x6100fa]
V  [jvm.dll+0x747090]
V  [jvm.dll+0x7486ad]
V  [jvm.dll+0x748ce5]
V  [jvm.dll+0x748c9b]
V  [jvm.dll+0x60f224]
V  [jvm.dll+0x60f9b8]
C  [ntdll.dll+0xa3eaf]
C  [ntdll.dll+0x1eae6]
C  [ntdll.dll+0xa2e9e]
C  0x0000020ce98c112d

VM_Operation (0x0000007e7d9fb1f0): G1CollectForAllocation, mode: safepoint, requested by thread 0x0000020ce5daa800


---------------  P R O C E S S  ---------------

Threads class SMR info:
_java_thread_list=0x0000020c84dfa860, length=11, elements={
0x0000020ce5daa800, 0x0000020cfec40000, 0x0000020cfec6e000, 0x0000020cff483000,
0x0000020cff487000, 0x0000020cff488000, 0x0000020cff489000, 0x0000020cff4d1000,
0x0000020cff4dc800, 0x0000020cff63f800, 0x0000020cff661800
}

Java Threads: ( => current thread )
  0x0000020ce5daa800 JavaThread "main" [_thread_blocked, id=13320, stack(0x0000007e7d900000,0x0000007e7da00000)]
  0x0000020cfec40000 JavaThread "Reference Handler" daemon [_thread_blocked, id=3232, stack(0x0000007e7e000000,0x0000007e7e100000)]
  0x0000020cfec6e000 JavaThread "Finalizer" daemon [_thread_blocked, id=11932, stack(0x0000007e7e100000,0x0000007e7e200000)]
  0x0000020cff483000 JavaThread "Signal Dispatcher" daemon [_thread_blocked, id=8044, stack(0x0000007e7e200000,0x0000007e7e300000)]
  0x0000020cff487000 JavaThread "Attach Listener" daemon [_thread_blocked, id=6592, stack(0x0000007e7e300000,0x0000007e7e400000)]
  0x0000020cff488000 JavaThread "Service Thread" daemon [_thread_blocked, id=10604, stack(0x0000007e7e400000,0x0000007e7e500000)]
  0x0000020cff489000 JavaThread "C2 CompilerThread0" daemon [_thread_blocked, id=636, stack(0x0000007e7e500000,0x0000007e7e600000)]
  0x0000020cff4d1000 JavaThread "C1 CompilerThread0" daemon [_thread_blocked, id=13612, stack(0x0000007e7e600000,0x0000007e7e700000)]
  0x0000020cff4dc800 JavaThread "Sweeper thread" daemon [_thread_blocked, id=6292, stack(0x0000007e7e700000,0x0000007e7e800000)]
  0x0000020cff63f800 JavaThread "Common-Cleaner" daemon [_thread_blocked, id=5020, stack(0x0000007e7e900000,0x0000007e7ea00000)]
  0x0000020cff661800 JavaThread "C2 CompilerThread1" daemon [_thread_blocked, id=228, stack(0x0000007e7ea00000,0x0000007e7eb00000)]

Other Threads:
=>0x0000020cfec3c000 VMThread "VM Thread" [stack: 0x0000007e7df00000,0x0000007e7e000000] [id=4112]
  0x0000020cff637000 WatcherThread [stack: 0x0000007e7e800000,0x0000007e7e900000] [id=11468]
  0x0000020ce5dc3800 GCTaskThread "GC Thread#0" [stack: 0x0000007e7da00000,0x0000007e7db00000] [id=11436]
  0x0000020c8214a000 GCTaskThread "GC Thread#1" [stack: 0x0000007e7eb00000,0x0000007e7ec00000] [id=13472]
  0x0000020c82188000 GCTaskThread "GC Thread#2" [stack: 0x0000007e7ec00000,0x0000007e7ed00000] [id=1464]
  0x0000020c833ab800 GCTaskThread "GC Thread#3" [stack: 0x0000007e7ed00000,0x0000007e7ee00000] [id=11476]
  0x0000020ce5e00000 ConcurrentGCThread "G1 Main Marker" [stack: 0x0000007e7db00000,0x0000007e7dc00000] [id=3860]
  0x0000020ce5e02000 ConcurrentGCThread "G1 Conc#0" [stack: 0x0000007e7dc00000,0x0000007e7dd00000] [id=9836]
  0x0000020ce5e7e800 ConcurrentGCThread "G1 Refine#0" [stack: 0x0000007e7dd00000,0x0000007e7de00000] [id=11032]
  0x0000020cfeaa2800 ConcurrentGCThread "G1 Young RemSet Sampling" [stack: 0x0000007e7de00000,0x0000007e7df00000] [id=2400]

Threads with active compile tasks:

VM state:at safepoint (normal execution)

VM Mutex/Monitor currently owned by a thread:  ([mutex/lock_event])
[0x0000020ce5da6c60] Threads_lock - owner thread: 0x0000020cfec3c000
[0x0000020ce5da7cb0] Heap_lock - owner thread: 0x0000020ce5daa800

Heap address: 0x0000000761200000, size: 2542 MB, Compressed Oops mode: Zero based, Oop shift amount: 3
Narrow klass base: 0x0000000800000000, Narrow klass shift: 0
Compressed class space size: 1073741824 Address: 0x0000000800000000

Heap:
 garbage-first heap   total 236544K, used 62220K [0x0000000761200000, 0x0000000800000000)
  region size 1024K, 8 young (8192K), 8 survivors (8192K)
 Metaspace       used 74443K, capacity 75149K, committed 75392K, reserved 1116160K
  class space    used 7979K, capacity 8254K, committed 8320K, reserved 1048576K
Heap Regions: E=young(eden), S=young(survivor), O=old, HS=humongous(starts), HC=humongous(continues), CS=collection set, F=free, A=archive, TAMS=top-at-mark-start (previous, next)
|   0|0x0000000761200000, 0x0000000761300000, 0x0000000761300000|100%|HS|  |TAMS 0x0000000761300000, 0x0000000761200000| Complete 
|   1|0x0000000761300000, 0x0000000761400000, 0x0000000761400000|100%|HC|  |TAMS 0x0000000761400000, 0x0000000761300000| Complete 
|   2|0x0000000761400000, 0x0000000761500000, 0x0000000761500000|100%|HC|  |TAMS 0x0000000761500000, 0x0000000761400000| Complete 
|   3|0x0000000761500000, 0x0000000761600000, 0x0000000761600000|100%| O|  |TAMS 0x0000000761600000, 0x0000000761500000| Untracked 
|   4|0x0000000761600000, 0x0000000761700000, 0x0000000761700000|100%| O|  |TAMS 0x0000000761700000, 0x0000000761600000| Untracked 
|   5|0x0000000761700000, 0x0000000761800000, 0x0000000761800000|100%|HS|  |TAMS 0x0000000761800000, 0x0000000761700000| Complete 
|   6|0x0000000761800000, 0x0000000761900000, 0x0000000761900000|100%|HC|  |TAMS 0x0000000761900000, 0x0000000761800000| Complete 
|   7|0x0000000761900000, 0x0000000761a00000, 0x0000000761a00000|100%|HC|  |TAMS 0x0000000761a00000, 0x0000000761900000| Complete 
|   8|0x0000000761a00000, 0x0000000761b00000, 0x0000000761b00000|100%|HS|  |TAMS 0x0000000761b00000, 0x0000000761a00000| Complete 
|   9|0x0000000761b00000, 0x0000000761c00000, 0x0000000761c00000|100%|HC|  |TAMS 0x0000000761c00000, 0x0000000761b00000| Complete 
|  10|0x0000000761c00000, 0x0000000761d00000, 0x0000000761d00000|100%| O|  |TAMS 0x0000000761d00000, 0x0000000761c00000| Untracked 
|  11|0x0000000761d00000, 0x0000000761e00000, 0x0000000761e00000|100%| O|  |TAMS 0x0000000761e00000, 0x0000000761d00000| Untracked 
|  12|0x0000000761e00000, 0x0000000761f00000, 0x0000000761f00000|100%| O|  |TAMS 0x0000000761f00000, 0x0000000761e00000| Untracked 
|  13|0x0000000761f00000, 0x0000000762000000, 0x0000000762000000|100%| O|  |TAMS 0x0000000762000000, 0x0000000761f00000| Untracked 
|  14|0x0000000762000000, 0x0000000762100000, 0x0000000762100000|100%| O|  |TAMS 0x0000000762100000, 0x0000000762000000| Untracked 
|  15|0x0000000762100000, 0x0000000762200000, 0x0000000762200000|100%| O|  |TAMS 0x0000000762200000, 0x0000000762100000| Untracked 
|  16|0x0000000762200000, 0x0000000762300000, 0x0000000762300000|100%| O|  |TAMS 0x0000000762300000, 0x0000000762200000| Untracked 
|  17|0x0000000762300000, 0x0000000762400000, 0x0000000762400000|100%| O|  |TAMS 0x0000000762400000, 0x0000000762300000| Untracked 
|  18|0x0000000762400000, 0x0000000762500000, 0x0000000762500000|100%| O|  |TAMS 0x0000000762500000, 0x0000000762400000| Untracked 
|  19|0x0000000762500000, 0x0000000762600000, 0x0000000762600000|100%| O|  |TAMS 0x0000000762600000, 0x0000000762500000| Untracked 
|  20|0x0000000762600000, 0x0000000762700000, 0x0000000762700000|100%| O|  |TAMS 0x0000000762600000, 0x0000000762600000| Untracked 
|  21|0x0000000762700000, 0x0000000762800000, 0x0000000762800000|100%| O|  |TAMS 0x0000000762700000, 0x0000000762700000| Untracked 
|  22|0x0000000762800000, 0x0000000762900000, 0x0000000762900000|100%| O|  |TAMS 0x0000000762800000, 0x0000000762800000| Untracked 
|  23|0x0000000762900000, 0x0000000762a00000, 0x0000000762a00000|100%| O|  |TAMS 0x0000000762900000, 0x0000000762900000| Untracked 
|  24|0x0000000762a00000, 0x0000000762b00000, 0x0000000762b00000|100%| O|  |TAMS 0x0000000762a00000, 0x0000000762a00000| Untracked 
|  25|0x0000000762b00000, 0x0000000762c00000, 0x0000000762c00000|100%| O|  |TAMS 0x0000000762b00000, 0x0000000762b00000| Untracked 
|  26|0x0000000762c00000, 0x0000000762d00000, 0x0000000762d00000|100%| O|  |TAMS 0x0000000762c00000, 0x0000000762c00000| Untracked 
|  27|0x0000000762d00000, 0x0000000762e00000, 0x0000000762e00000|100%| O|  |TAMS 0x0000000762d00000, 0x0000000762d00000| Untracked 
|  28|0x0000000762e00000, 0x0000000762f00000, 0x0000000762f00000|100%| O|  |TAMS 0x0000000762e00000, 0x0000000762e00000| Untracked 
|  29|0x0000000762f00000, 0x0000000763000000, 0x0000000763000000|100%| O|  |TAMS 0x0000000762f00000, 0x0000000762f00000| Untracked 
|  30|0x0000000763000000, 0x0000000763100000, 0x0000000763100000|100%| O|  |TAMS 0x0000000763000000, 0x0000000763000000| Untracked 
|  31|0x0000000763100000, 0x0000000763200000, 0x0000000763200000|100%| O|  |TAMS 0x0000000763100000, 0x0000000763100000| Untracked 
|  32|0x0000000763200000, 0x0000000763300000, 0x0000000763300000|100%| O|  |TAMS 0x0000000763200000, 0x0000000763200000| Untracked 
|  33|0x0000000763300000, 0x0000000763400000, 0x0000000763400000|100%| O|  |TAMS 0x0000000763300000, 0x0000000763300000| Untracked 
|  34|0x0000000763400000, 0x0000000763500000, 0x0000000763500000|100%| O|  |TAMS 0x0000000763400000, 0x0000000763400000| Untracked 
|  35|0x0000000763500000, 0x0000000763600000, 0x0000000763600000|100%| O|  |TAMS 0x0000000763500000, 0x0000000763500000| Untracked 
|  36|0x0000000763600000, 0x0000000763700000, 0x0000000763700000|100%| O|  |TAMS 0x0000000763600000, 0x0000000763600000| Untracked 
|  37|0x0000000763700000, 0x0000000763800000, 0x0000000763800000|100%| O|  |TAMS 0x0000000763700000, 0x0000000763700000| Untracked 
|  38|0x0000000763800000, 0x0000000763900000, 0x0000000763900000|100%| O|  |TAMS 0x0000000763800000, 0x0000000763800000| Untracked 
|  39|0x0000000763900000, 0x0000000763a00000, 0x0000000763a00000|100%| O|  |TAMS 0x0000000763900000, 0x0000000763900000| Untracked 
|  40|0x0000000763a00000, 0x0000000763b00000, 0x0000000763b00000|100%| O|  |TAMS 0x0000000763a00000, 0x0000000763a00000| Untracked 
|  41|0x0000000763b00000, 0x0000000763c00000, 0x0000000763c00000|100%| O|  |TAMS 0x0000000763b00000, 0x0000000763b00000| Untracked 
|  42|0x0000000763c00000, 0x0000000763d00000, 0x0000000763d00000|100%| O|  |TAMS 0x0000000763c00000, 0x0000000763c00000| Untracked 
|  43|0x0000000763d00000, 0x0000000763e00000, 0x0000000763e00000|100%| O|  |TAMS 0x0000000763d00000, 0x0000000763d00000| Untracked 
|  44|0x0000000763e00000, 0x0000000763f00000, 0x0000000763f00000|100%| O|  |TAMS 0x0000000763e00000, 0x0000000763e00000| Untracked 
|  45|0x0000000763f00000, 0x0000000764000000, 0x0000000764000000|100%| O|  |TAMS 0x0000000763f00000, 0x0000000763f00000| Untracked 
|  46|0x0000000764000000, 0x0000000764100000, 0x0000000764100000|100%| O|  |TAMS 0x0000000764000000, 0x0000000764000000| Untracked 
|  47|0x0000000764100000, 0x0000000764200000, 0x0000000764200000|100%| O|  |TAMS 0x0000000764100000, 0x0000000764100000| Untracked 
|  48|0x0000000764200000, 0x0000000764300000, 0x0000000764300000|100%| O|  |TAMS 0x0000000764200000, 0x0000000764200000| Untracked 
|  49|0x0000000764300000, 0x0000000764400000, 0x0000000764400000|100%| O|  |TAMS 0x0000000764300000, 0x0000000764300000| Untracked 
|  50|0x0000000764400000, 0x0000000764500000, 0x0000000764500000|100%| O|  |TAMS 0x0000000764400000, 0x0000000764400000| Untracked 
|  51|0x0000000764500000, 0x0000000764600000, 0x0000000764600000|100%| O|  |TAMS 0x0000000764500000, 0x0000000764500000| Untracked 
|  52|0x0000000764600000, 0x00000007646c3200, 0x0000000764700000| 76%| O|  |TAMS 0x0000000764600000, 0x0000000764600000| Untracked 
|  53|0x0000000764700000, 0x0000000764700000, 0x0000000764800000|  0%| F|  |TAMS 0x0000000764700000, 0x0000000764700000| Untracked 
|  54|0x0000000764800000, 0x0000000764800000, 0x0000000764900000|  0%| F|  |TAMS 0x0000000764800000, 0x0000000764800000| Untracked 
|  55|0x0000000764900000, 0x0000000764900000, 0x0000000764a00000|  0%| F|  |TAMS 0x0000000764900000, 0x0000000764900000| Untracked 
|  56|0x0000000764a00000, 0x0000000764a00000, 0x0000000764b00000|  0%| F|  |TAMS 0x0000000764a00000, 0x0000000764a00000| Untracked 
|  57|0x0000000764b00000, 0x0000000764b00000, 0x0000000764c00000|  0%| F|  |TAMS 0x0000000764b00000, 0x0000000764b00000| Untracked 
|  58|0x0000000764c00000, 0x0000000764c00000, 0x0000000764d00000|  0%| F|  |TAMS 0x0000000764c00000, 0x0000000764c00000| Untracked 
|  59|0x0000000764d00000, 0x0000000764d00000, 0x0000000764e00000|  0%| F|  |TAMS 0x0000000764d00000, 0x0000000764d00000| Untracked 
|  60|0x0000000764e00000, 0x0000000764e00000, 0x0000000764f00000|  0%| F|  |TAMS 0x0000000764e00000, 0x0000000764e00000| Untracked 
|  61|0x0000000764f00000, 0x0000000764f00000, 0x0000000765000000|  0%| F|  |TAMS 0x0000000764f00000, 0x0000000764f00000| Untracked 
|  62|0x0000000765000000, 0x0000000765000000, 0x0000000765100000|  0%| F|  |TAMS 0x0000000765000000, 0x0000000765000000| Untracked 
|  63|0x0000000765100000, 0x0000000765100000, 0x0000000765200000|  0%| F|  |TAMS 0x0000000765100000, 0x0000000765100000| Untracked 
|  64|0x0000000765200000, 0x0000000765200000, 0x0000000765300000|  0%| F|  |TAMS 0x0000000765200000, 0x0000000765200000| Untracked 
|  65|0x0000000765300000, 0x0000000765300000, 0x0000000765400000|  0%| F|  |TAMS 0x0000000765300000, 0x0000000765300000| Untracked 
|  66|0x0000000765400000, 0x0000000765400000, 0x0000000765500000|  0%| F|  |TAMS 0x0000000765400000, 0x0000000765400000| Untracked 
|  67|0x0000000765500000, 0x0000000765500000, 0x0000000765600000|  0%| F|  |TAMS 0x0000000765500000, 0x0000000765500000| Untracked 
|  68|0x0000000765600000, 0x0000000765600000, 0x0000000765700000|  0%| F|  |TAMS 0x0000000765600000, 0x0000000765600000| Untracked 
|  69|0x0000000765700000, 0x0000000765700000, 0x0000000765800000|  0%| F|  |TAMS 0x0000000765700000, 0x0000000765700000| Untracked 
|  70|0x0000000765800000, 0x0000000765800000, 0x0000000765900000|  0%| F|  |TAMS 0x0000000765800000, 0x0000000765800000| Untracked 
|  71|0x0000000765900000, 0x0000000765900000, 0x0000000765a00000|  0%| F|  |TAMS 0x0000000765900000, 0x0000000765900000| Untracked 
|  72|0x0000000765a00000, 0x0000000765a00000, 0x0000000765b00000|  0%| F|  |TAMS 0x0000000765a00000, 0x0000000765a00000| Untracked 
|  73|0x0000000765b00000, 0x0000000765b00000, 0x0000000765c00000|  0%| F|  |TAMS 0x0000000765b00000, 0x0000000765b00000| Untracked 
|  74|0x0000000765c00000, 0x0000000765c00000, 0x0000000765d00000|  0%| F|  |TAMS 0x0000000765c00000, 0x0000000765c00000| Untracked 
|  75|0x0000000765d00000, 0x0000000765d00000, 0x0000000765e00000|  0%| F|  |TAMS 0x0000000765d00000, 0x0000000765d00000| Untracked 
|  76|0x0000000765e00000, 0x0000000765e00000, 0x0000000765f00000|  0%| F|  |TAMS 0x0000000765e00000, 0x0000000765e00000| Untracked 
|  77|0x0000000765f00000, 0x0000000765f00000, 0x0000000766000000|  0%| F|  |TAMS 0x0000000765f00000, 0x0000000765f00000| Untracked 
|  78|0x0000000766000000, 0x0000000766000000, 0x0000000766100000|  0%| F|  |TAMS 0x0000000766000000, 0x0000000766000000| Untracked 
|  79|0x0000000766100000, 0x0000000766100000, 0x0000000766200000|  0%| F|  |TAMS 0x0000000766100000, 0x0000000766100000| Untracked 
|  80|0x0000000766200000, 0x0000000766200000, 0x0000000766300000|  0%| F|  |TAMS 0x0000000766200000, 0x0000000766200000| Untracked 
|  81|0x0000000766300000, 0x0000000766300000, 0x0000000766400000|  0%| F|  |TAMS 0x0000000766300000, 0x0000000766300000| Untracked 
|  82|0x0000000766400000, 0x0000000766400000, 0x0000000766500000|  0%| F|  |TAMS 0x0000000766400000, 0x0000000766400000| Untracked 
|  83|0x0000000766500000, 0x0000000766500000, 0x0000000766600000|  0%| F|  |TAMS 0x0000000766500000, 0x0000000766500000| Untracked 
|  84|0x0000000766600000, 0x0000000766600000, 0x0000000766700000|  0%| F|  |TAMS 0x0000000766600000, 0x0000000766600000| Untracked 
|  85|0x0000000766700000, 0x0000000766700000, 0x0000000766800000|  0%| F|  |TAMS 0x0000000766700000, 0x0000000766700000| Untracked 
|  86|0x0000000766800000, 0x0000000766800000, 0x0000000766900000|  0%| F|  |TAMS 0x0000000766800000, 0x0000000766800000| Untracked 
|  87|0x0000000766900000, 0x0000000766900000, 0x0000000766a00000|  0%| F|  |TAMS 0x0000000766900000, 0x0000000766900000| Untracked 
|  88|0x0000000766a00000, 0x0000000766a00000, 0x0000000766b00000|  0%| F|  |TAMS 0x0000000766a00000, 0x0000000766a00000| Untracked 
|  89|0x0000000766b00000, 0x0000000766b00000, 0x0000000766c00000|  0%| F|  |TAMS 0x0000000766b00000, 0x0000000766b00000| Untracked 
|  90|0x0000000766c00000, 0x0000000766c00000, 0x0000000766d00000|  0%| F|  |TAMS 0x0000000766c00000, 0x0000000766c00000| Untracked 
|  91|0x0000000766d00000, 0x0000000766d00000, 0x0000000766e00000|  0%| F|  |TAMS 0x0000000766d00000, 0x0000000766d00000| Untracked 
|  92|0x0000000766e00000, 0x0000000766e00000, 0x0000000766f00000|  0%| F|  |TAMS 0x0000000766e00000, 0x0000000766e00000| Untracked 
|  93|0x0000000766f00000, 0x0000000766f00000, 0x0000000767000000|  0%| F|  |TAMS 0x0000000766f00000, 0x0000000766f00000| Untracked 
|  94|0x0000000767000000, 0x0000000767000000, 0x0000000767100000|  0%| F|  |TAMS 0x0000000767000000, 0x0000000767000000| Untracked 
|  95|0x0000000767100000, 0x0000000767200000, 0x0000000767200000|100%| S|CS|TAMS 0x0000000767100000, 0x0000000767100000| Complete 
|  96|0x0000000767200000, 0x0000000767300000, 0x0000000767300000|100%| S|CS|TAMS 0x0000000767200000, 0x0000000767200000| Complete 
|  97|0x0000000767300000, 0x0000000767400000, 0x0000000767400000|100%| S|CS|TAMS 0x0000000767300000, 0x0000000767300000| Complete 
|  98|0x0000000767400000, 0x0000000767500000, 0x0000000767500000|100%| S|CS|TAMS 0x0000000767400000, 0x0000000767400000| Complete 
|  99|0x0000000767500000, 0x0000000767600000, 0x0000000767600000|100%| S|CS|TAMS 0x0000000767500000, 0x0000000767500000| Complete 
| 100|0x0000000767600000, 0x0000000767700000, 0x0000000767700000|100%| S|CS|TAMS 0x0000000767600000, 0x0000000767600000| Complete 
| 101|0x0000000767700000, 0x0000000767800000, 0x0000000767800000|100%| S|CS|TAMS 0x0000000767700000, 0x0000000767700000| Complete 
| 102|0x0000000767800000, 0x0000000767900000, 0x0000000767900000|100%| S|CS|TAMS 0x0000000767800000, 0x0000000767800000| Complete 
| 103|0x0000000767900000, 0x0000000767900000, 0x0000000767a00000|  0%| F|  |TAMS 0x0000000767900000, 0x0000000767900000| Untracked 
| 104|0x0000000767a00000, 0x0000000767a00000, 0x0000000767b00000|  0%| F|  |TAMS 0x0000000767a00000, 0x0000000767a00000| Untracked 
| 105|0x0000000767b00000, 0x0000000767b00000, 0x0000000767c00000|  0%| F|  |TAMS 0x0000000767b00000, 0x0000000767b00000| Untracked 
| 106|0x0000000767c00000, 0x0000000767c00000, 0x0000000767d00000|  0%| F|  |TAMS 0x0000000767c00000, 0x0000000767c00000| Untracked 
| 107|0x0000000767d00000, 0x0000000767d00000, 0x0000000767e00000|  0%| F|  |TAMS 0x0000000767d00000, 0x0000000767d00000| Untracked 
| 108|0x0000000767e00000, 0x0000000767e00000, 0x0000000767f00000|  0%| F|  |TAMS 0x0000000767e00000, 0x0000000767e00000| Untracked 
| 109|0x0000000767f00000, 0x0000000767f00000, 0x0000000768000000|  0%| F|  |TAMS 0x0000000767f00000, 0x0000000767f00000| Untracked 
| 110|0x0000000768000000, 0x0000000768000000, 0x0000000768100000|  0%| F|  |TAMS 0x0000000768000000, 0x0000000768000000| Untracked 
| 111|0x0000000768100000, 0x0000000768100000, 0x0000000768200000|  0%| F|  |TAMS 0x0000000768100000, 0x0000000768100000| Untracked 
| 112|0x0000000768200000, 0x0000000768200000, 0x0000000768300000|  0%| F|  |TAMS 0x0000000768200000, 0x0000000768200000| Untracked 
| 113|0x0000000768300000, 0x0000000768300000, 0x0000000768400000|  0%| F|  |TAMS 0x0000000768300000, 0x0000000768300000| Untracked 
| 114|0x0000000768400000, 0x0000000768400000, 0x0000000768500000|  0%| F|  |TAMS 0x0000000768400000, 0x0000000768400000| Untracked 
| 115|0x0000000768500000, 0x0000000768500000, 0x0000000768600000|  0%| F|  |TAMS 0x0000000768500000, 0x0000000768500000| Untracked 
| 116|0x0000000768600000, 0x0000000768600000, 0x0000000768700000|  0%| F|  |TAMS 0x0000000768600000, 0x0000000768600000| Untracked 
| 117|0x0000000768700000, 0x0000000768700000, 0x0000000768800000|  0%| F|  |TAMS 0x0000000768700000, 0x0000000768700000| Untracked 
| 118|0x0000000768800000, 0x0000000768800000, 0x0000000768900000|  0%| F|  |TAMS 0x0000000768800000, 0x0000000768800000| Untracked 
| 119|0x0000000768900000, 0x0000000768900000, 0x0000000768a00000|  0%| F|  |TAMS 0x0000000768900000, 0x0000000768900000| Untracked 
| 120|0x0000000768a00000, 0x0000000768a00000, 0x0000000768b00000|  0%| F|  |TAMS 0x0000000768a00000, 0x0000000768a00000| Untracked 
| 121|0x0000000768b00000, 0x0000000768b00000, 0x0000000768c00000|  0%| F|  |TAMS 0x0000000768b00000, 0x0000000768b00000| Untracked 
| 122|0x0000000768c00000, 0x0000000768c00000, 0x0000000768d00000|  0%| F|  |TAMS 0x0000000768c00000, 0x0000000768c00000| Untracked 
| 123|0x0000000768d00000, 0x0000000768d00000, 0x0000000768e00000|  0%| F|  |TAMS 0x0000000768d00000, 0x0000000768d00000| Untracked 
| 124|0x0000000768e00000, 0x0000000768e00000, 0x0000000768f00000|  0%| F|  |TAMS 0x0000000768e00000, 0x0000000768e00000| Untracked 
| 125|0x0000000768f00000, 0x0000000768f00000, 0x0000000769000000|  0%| F|  |TAMS 0x0000000768f00000, 0x0000000768f00000| Untracked 
| 126|0x0000000769000000, 0x0000000769000000, 0x0000000769100000|  0%| F|  |TAMS 0x0000000769000000, 0x0000000769000000| Untracked 
| 127|0x0000000769100000, 0x0000000769100000, 0x0000000769200000|  0%| F|  |TAMS 0x0000000769100000, 0x0000000769100000| Untracked 
| 128|0x0000000769200000, 0x0000000769200000, 0x0000000769300000|  0%| F|  |TAMS 0x0000000769200000, 0x0000000769200000| Untracked 
| 129|0x0000000769300000, 0x0000000769300000, 0x0000000769400000|  0%| F|  |TAMS 0x0000000769300000, 0x0000000769300000| Untracked 
| 130|0x0000000769400000, 0x0000000769400000, 0x0000000769500000|  0%| F|  |TAMS 0x0000000769400000, 0x0000000769400000| Untracked 
| 131|0x0000000769500000, 0x0000000769500000, 0x0000000769600000|  0%| F|  |TAMS 0x0000000769500000, 0x0000000769500000| Untracked 
| 132|0x0000000769600000, 0x0000000769600000, 0x0000000769700000|  0%| F|  |TAMS 0x0000000769600000, 0x0000000769600000| Untracked 
| 133|0x0000000769700000, 0x0000000769700000, 0x0000000769800000|  0%| F|  |TAMS 0x0000000769700000, 0x0000000769700000| Untracked 
| 134|0x0000000769800000, 0x0000000769800000, 0x0000000769900000|  0%| F|  |TAMS 0x0000000769800000, 0x0000000769800000| Untracked 
| 135|0x0000000769900000, 0x0000000769900000, 0x0000000769a00000|  0%| F|  |TAMS 0x0000000769900000, 0x0000000769900000| Untracked 
| 136|0x0000000769a00000, 0x0000000769a00000, 0x0000000769b00000|  0%| F|  |TAMS 0x0000000769a00000, 0x0000000769a00000| Untracked 
| 137|0x0000000769b00000, 0x0000000769b00000, 0x0000000769c00000|  0%| F|  |TAMS 0x0000000769b00000, 0x0000000769b00000| Untracked 
| 138|0x0000000769c00000, 0x0000000769c00000, 0x0000000769d00000|  0%| F|  |TAMS 0x0000000769c00000, 0x0000000769c00000| Untracked 
| 139|0x0000000769d00000, 0x0000000769d00000, 0x0000000769e00000|  0%| F|  |TAMS 0x0000000769d00000, 0x0000000769d00000| Untracked 
| 140|0x0000000769e00000, 0x0000000769e00000, 0x0000000769f00000|  0%| F|  |TAMS 0x0000000769e00000, 0x0000000769e00000| Untracked 
| 141|0x0000000769f00000, 0x0000000769f00000, 0x000000076a000000|  0%| F|  |TAMS 0x0000000769f00000, 0x0000000769f00000| Untracked 
| 142|0x000000076a000000, 0x000000076a000000, 0x000000076a100000|  0%| F|  |TAMS 0x000000076a000000, 0x000000076a000000| Untracked 
| 143|0x000000076a100000, 0x000000076a100000, 0x000000076a200000|  0%| F|  |TAMS 0x000000076a100000, 0x000000076a100000| Untracked 
| 144|0x000000076a200000, 0x000000076a200000, 0x000000076a300000|  0%| F|  |TAMS 0x000000076a200000, 0x000000076a200000| Untracked 
| 145|0x000000076a300000, 0x000000076a300000, 0x000000076a400000|  0%| F|  |TAMS 0x000000076a300000, 0x000000076a300000| Untracked 
| 146|0x000000076a400000, 0x000000076a400000, 0x000000076a500000|  0%| F|  |TAMS 0x000000076a400000, 0x000000076a400000| Untracked 
| 147|0x000000076a500000, 0x000000076a500000, 0x000000076a600000|  0%| F|  |TAMS 0x000000076a500000, 0x000000076a500000| Untracked 
| 148|0x000000076a600000, 0x000000076a600000, 0x000000076a700000|  0%| F|  |TAMS 0x000000076a600000, 0x000000076a600000| Untracked 
| 149|0x000000076a700000, 0x000000076a700000, 0x000000076a800000|  0%| F|  |TAMS 0x000000076a700000, 0x000000076a700000| Untracked 
| 150|0x000000076a800000, 0x000000076a800000, 0x000000076a900000|  0%| F|  |TAMS 0x000000076a800000, 0x000000076a800000| Untracked 
| 151|0x000000076a900000, 0x000000076a900000, 0x000000076aa00000|  0%| F|  |TAMS 0x000000076a900000, 0x000000076a900000| Untracked 
| 152|0x000000076aa00000, 0x000000076aa00000, 0x000000076ab00000|  0%| F|  |TAMS 0x000000076aa00000, 0x000000076aa00000| Untracked 
| 153|0x000000076ab00000, 0x000000076ab00000, 0x000000076ac00000|  0%| F|  |TAMS 0x000000076ab00000, 0x000000076ab00000| Untracked 
| 154|0x000000076ac00000, 0x000000076ac00000, 0x000000076ad00000|  0%| F|  |TAMS 0x000000076ac00000, 0x000000076ac00000| Untracked 
| 155|0x000000076ad00000, 0x000000076ad00000, 0x000000076ae00000|  0%| F|  |TAMS 0x000000076ad00000, 0x000000076ad00000| Untracked 
| 156|0x000000076ae00000, 0x000000076ae00000, 0x000000076af00000|  0%| F|  |TAMS 0x000000076ae00000, 0x000000076ae00000| Untracked 
| 157|0x000000076af00000, 0x000000076af00000, 0x000000076b000000|  0%| F|  |TAMS 0x000000076af00000, 0x000000076af00000| Untracked 
| 158|0x000000076b000000, 0x000000076b000000, 0x000000076b100000|  0%| F|  |TAMS 0x000000076b000000, 0x000000076b000000| Untracked 
| 159|0x000000076b100000, 0x000000076b100000, 0x000000076b200000|  0%| F|  |TAMS 0x000000076b100000, 0x000000076b100000| Untracked 
| 160|0x000000076b200000, 0x000000076b200000, 0x000000076b300000|  0%| F|  |TAMS 0x000000076b200000, 0x000000076b200000| Untracked 
| 161|0x000000076b300000, 0x000000076b300000, 0x000000076b400000|  0%| F|  |TAMS 0x000000076b300000, 0x000000076b300000| Untracked 
| 162|0x000000076b400000, 0x000000076b400000, 0x000000076b500000|  0%| F|  |TAMS 0x000000076b400000, 0x000000076b400000| Untracked 
| 163|0x000000076b500000, 0x000000076b500000, 0x000000076b600000|  0%| F|  |TAMS 0x000000076b500000, 0x000000076b500000| Untracked 
| 164|0x000000076b600000, 0x000000076b600000, 0x000000076b700000|  0%| F|  |TAMS 0x000000076b600000, 0x000000076b600000| Untracked 
| 165|0x000000076b700000, 0x000000076b700000, 0x000000076b800000|  0%| F|  |TAMS 0x000000076b700000, 0x000000076b700000| Untracked 
| 166|0x000000076b800000, 0x000000076b800000, 0x000000076b900000|  0%| F|  |TAMS 0x000000076b800000, 0x000000076b800000| Untracked 
| 167|0x000000076b900000, 0x000000076b900000, 0x000000076ba00000|  0%| F|  |TAMS 0x000000076b900000, 0x000000076b900000| Untracked 
| 168|0x000000076ba00000, 0x000000076ba00000, 0x000000076bb00000|  0%| F|  |TAMS 0x000000076ba00000, 0x000000076ba00000| Untracked 
| 169|0x000000076bb00000, 0x000000076bb00000, 0x000000076bc00000|  0%| F|  |TAMS 0x000000076bb00000, 0x000000076bb00000| Untracked 
| 170|0x000000076bc00000, 0x000000076bc00000, 0x000000076bd00000|  0%| F|  |TAMS 0x000000076bc00000, 0x000000076bc00000| Untracked 
| 171|0x000000076bd00000, 0x000000076bd00000, 0x000000076be00000|  0%| F|  |TAMS 0x000000076bd00000, 0x000000076bd00000| Untracked 
| 172|0x000000076be00000, 0x000000076be00000, 0x000000076bf00000|  0%| F|  |TAMS 0x000000076be00000, 0x000000076be00000| Untracked 
| 173|0x000000076bf00000, 0x000000076bf00000, 0x000000076c000000|  0%| F|  |TAMS 0x000000076bf00000, 0x000000076bf00000| Untracked 
| 174|0x000000076c000000, 0x000000076c000000, 0x000000076c100000|  0%| F|  |TAMS 0x000000076c000000, 0x000000076c000000| Untracked 
| 175|0x000000076c100000, 0x000000076c100000, 0x000000076c200000|  0%| F|  |TAMS 0x000000076c100000, 0x000000076c100000| Untracked 
| 176|0x000000076c200000, 0x000000076c200000, 0x000000076c300000|  0%| F|  |TAMS 0x000000076c200000, 0x000000076c200000| Untracked 
| 177|0x000000076c300000, 0x000000076c300000, 0x000000076c400000|  0%| F|  |TAMS 0x000000076c300000, 0x000000076c300000| Untracked 
| 178|0x000000076c400000, 0x000000076c400000, 0x000000076c500000|  0%| F|  |TAMS 0x000000076c400000, 0x000000076c400000| Untracked 
| 179|0x000000076c500000, 0x000000076c500000, 0x000000076c600000|  0%| F|  |TAMS 0x000000076c500000, 0x000000076c500000| Untracked 
| 180|0x000000076c600000, 0x000000076c600000, 0x000000076c700000|  0%| F|  |TAMS 0x000000076c600000, 0x000000076c600000| Untracked 
| 181|0x000000076c700000, 0x000000076c700000, 0x000000076c800000|  0%| F|  |TAMS 0x000000076c700000, 0x000000076c700000| Untracked 
| 182|0x000000076c800000, 0x000000076c800000, 0x000000076c900000|  0%| F|  |TAMS 0x000000076c800000, 0x000000076c800000| Untracked 
| 183|0x000000076c900000, 0x000000076c900000, 0x000000076ca00000|  0%| F|  |TAMS 0x000000076c900000, 0x000000076c900000| Untracked 
| 184|0x000000076ca00000, 0x000000076ca00000, 0x000000076cb00000|  0%| F|  |TAMS 0x000000076ca00000, 0x000000076ca00000| Untracked 
| 185|0x000000076cb00000, 0x000000076cb00000, 0x000000076cc00000|  0%| F|  |TAMS 0x000000076cb00000, 0x000000076cb00000| Untracked 
| 186|0x000000076cc00000, 0x000000076cc00000, 0x000000076cd00000|  0%| F|  |TAMS 0x000000076cc00000, 0x000000076cc00000| Untracked 
| 187|0x000000076cd00000, 0x000000076cd00000, 0x000000076ce00000|  0%| F|  |TAMS 0x000000076cd00000, 0x000000076cd00000| Untracked 
| 188|0x000000076ce00000, 0x000000076ce00000, 0x000000076cf00000|  0%| F|  |TAMS 0x000000076ce00000, 0x000000076ce00000| Untracked 
| 189|0x000000076cf00000, 0x000000076cf00000, 0x000000076d000000|  0%| F|  |TAMS 0x000000076cf00000, 0x000000076cf00000| Untracked 
| 190|0x000000076d000000, 0x000000076d000000, 0x000000076d100000|  0%| F|  |TAMS 0x000000076d000000, 0x000000076d000000| Untracked 
| 191|0x000000076d100000, 0x000000076d100000, 0x000000076d200000|  0%| F|  |TAMS 0x000000076d100000, 0x000000076d100000| Untracked 

Card table byte_map: [0x0000020cf8dc0000,0x0000020cf92c0000] _byte_map_base: 0x0000020cf52b7000

Marking Bits (Prev, Next): (CMBitMap*) 0x0000020ce5df5640, (CMBitMap*) 0x0000020ce5df5608
 Prev Bits: [0x0000020cfbf80000, 0x0000020cfe738000)
 Next Bits: [0x0000020cf97c0000, 0x0000020cfbf78000)

Polling page: 0x0000020ce5580000

Metaspace:

Usage:
  Non-class:     65.33 MB capacity,    64.91 MB (>99%) used,   325.26 KB ( <1%) free+waste,   105.31 KB ( <1%) overhead. 
      Class:      8.06 MB capacity,     7.79 MB ( 97%) used,   233.28 KB (  3%) free+waste,    41.44 KB ( <1%) overhead. 
       Both:     73.39 MB capacity,    72.70 MB (>99%) used,   558.54 KB ( <1%) free+waste,   146.75 KB ( <1%) overhead. 

Virtual space:
  Non-class space:       66.00 MB reserved,      65.50 MB (>99%) committed 
      Class space:        1.00 GB reserved,       8.13 MB ( <1%) committed 
             Both:        1.06 GB reserved,      73.63 MB (  7%) committed 

Chunk freelists:
   Non-Class:  49.00 KB
       Class:  2.00 KB
        Both:  51.00 KB

MaxMetaspaceSize: 17179869184.00 GB
CompressedClassSpaceSize: 1.00 GB
Initial GC threshold: 20.80 MB
Current GC threshold: 77.71 MB
CDS: off

CodeHeap 'non-profiled nmethods': size=120064Kb used=5146Kb max_used=5146Kb free=114917Kb
 bounds [0x0000020cf1380000, 0x0000020cf1890000, 0x0000020cf88c0000]
CodeHeap 'profiled nmethods': size=120000Kb used=33225Kb max_used=33225Kb free=86774Kb
 bounds [0x0000020ce9e50000, 0x0000020cebed0000, 0x0000020cf1380000]
CodeHeap 'non-nmethods': size=5696Kb used=1360Kb max_used=1414Kb free=4335Kb
 bounds [0x0000020ce98c0000, 0x0000020ce9b30000, 0x0000020ce9e50000]
 total_blobs=11912 nmethods=11259 adapters=562
 compilation: enabled
              stopped_count=0, restarted_count=0
 full_count=0

Compilation events (20 events):
Event: 12.363 Thread 0x0000020cff4d1000 11342       3       org.jetbrains.kotlin.backend.jvm.lower.BytecodeInliningPreparationLowering$lower$1::visitValueAccess (8 bytes)
Event: 12.364 Thread 0x0000020cff4d1000 nmethod 11342 0x0000020cebeba190 code [0x0000020cebeba480, 0x0000020cebebb188]
Event: 12.366 Thread 0x0000020cff4d1000 11343       3       org.jetbrains.kotlin.backend.jvm.lower.BytecodeInliningPreparationLowering$lower$1::visitContainerExpression (13 bytes)
Event: 12.367 Thread 0x0000020cff4d1000 nmethod 11343 0x0000020cebebb690 code [0x0000020cebebb900, 0x0000020cebebc208]
Event: 12.369 Thread 0x0000020cff4d1000 11344       3       org.jetbrains.kotlin.backend.jvm.lower.BytecodeInliningPreparationLowering$lower$1::visitGetValue (13 bytes)
Event: 12.370 Thread 0x0000020cff4d1000 nmethod 11344 0x0000020cebebc590 code [0x0000020cebebc800, 0x0000020cebebd108]
Event: 12.370 Thread 0x0000020cff4d1000 11345       3       org.jetbrains.kotlin.backend.jvm.lower.BytecodeInliningPreparationLowering$lower$1::visitGetValue (8 bytes)
Event: 12.371 Thread 0x0000020cff4d1000 nmethod 11345 0x0000020cebebd490 code [0x0000020cebebd780, 0x0000020cebebe488]
Event: 12.371 Thread 0x0000020cff4d1000 11346       3       org.jetbrains.kotlin.backend.jvm.lower.BytecodeInliningPreparationLowering$lower$1::visitConst (13 bytes)
Event: 12.371 Thread 0x0000020cff4d1000 nmethod 11346 0x0000020cebebe990 code [0x0000020cebebec00, 0x0000020cebebf508]
Event: 12.371 Thread 0x0000020cff4d1000 11347       3       org.jetbrains.kotlin.backend.jvm.lower.BytecodeInliningPreparationLowering$lower$1::visitConst (8 bytes)
Event: 12.372 Thread 0x0000020cff4d1000 nmethod 11347 0x0000020cebebf890 code [0x0000020cebebfb60, 0x0000020cebec0808]
Event: 12.372 Thread 0x0000020cff4d1000 11348       3       org.jetbrains.kotlin.backend.jvm.lower.BytecodeInliningPreparationLowering$lower$1::visitFieldAccess (13 bytes)
Event: 12.373 Thread 0x0000020cff4d1000 nmethod 11348 0x0000020cebec0c90 code [0x0000020cebec0f00, 0x0000020cebec1808]
Event: 12.378 Thread 0x0000020cff489000 nmethod 11339 0x0000020cf1882910 code [0x0000020cf1882b20, 0x0000020cf1883c58]
Event: 12.379 Thread 0x0000020cff661800 nmethod 11340 0x0000020cf1884890 code [0x0000020cf1884aa0, 0x0000020cf1885bf8]
Event: 12.396 Thread 0x0000020cff4d1000 11349       3       java.util.RegularEnumSet::add (9 bytes)
Event: 12.396 Thread 0x0000020cff4d1000 nmethod 11349 0x0000020cebec1b90 code [0x0000020cebec1d60, 0x0000020cebec1fa8]
Event: 12.396 Thread 0x0000020cff4d1000 11350       3       java.util.RegularEnumSet::add (40 bytes)
Event: 12.396 Thread 0x0000020cff4d1000 nmethod 11350 0x0000020cebec2090 code [0x0000020cebec2260, 0x0000020cebec2448]

GC Heap History (17 events):
Event: 0.476 GC heap before
{Heap before GC invocations=0 (full 0):
 garbage-first heap   total 163840K, used 17408K [0x0000000761200000, 0x0000000800000000)
  region size 1024K, 14 young (14336K), 0 survivors (0K)
 Metaspace       used 9822K, capacity 9906K, committed 10112K, reserved 1058816K
  class space    used 828K, capacity 853K, committed 896K, reserved 1048576K
}
Event: 0.479 GC heap after
{Heap after GC invocations=1 (full 0):
 garbage-first heap   total 163840K, used 5413K [0x0000000761200000, 0x0000000800000000)
  region size 1024K, 2 young (2048K), 2 survivors (2048K)
 Metaspace       used 9822K, capacity 9906K, committed 10112K, reserved 1058816K
  class space    used 828K, capacity 853K, committed 896K, reserved 1048576K
}
Event: 1.380 GC heap before
{Heap before GC invocations=1 (full 0):
 garbage-first heap   total 163840K, used 50469K [0x0000000761200000, 0x0000000800000000)
  region size 1024K, 47 young (48128K), 2 survivors (2048K)
 Metaspace       used 20862K, capacity 21145K, committed 21248K, reserved 1069056K
  class space    used 2192K, capacity 2286K, committed 2304K, reserved 1048576K
}
Event: 1.393 GC heap after
{Heap after GC invocations=2 (full 0):
 garbage-first heap   total 163840K, used 9120K [0x0000000761200000, 0x0000000800000000)
  region size 1024K, 6 young (6144K), 6 survivors (6144K)
 Metaspace       used 20862K, capacity 21145K, committed 21248K, reserved 1069056K
  class space    used 2192K, capacity 2286K, committed 2304K, reserved 1048576K
}
Event: 2.314 GC heap before
{Heap before GC invocations=3 (full 0):
 garbage-first heap   total 163840K, used 59296K [0x0000000761200000, 0x0000000800000000)
  region size 1024K, 50 young (51200K), 6 survivors (6144K)
 Metaspace       used 30834K, capacity 31373K, committed 31488K, reserved 1077248K
  class space    used 3636K, capacity 3837K, committed 3840K, reserved 1048576K
}
Event: 2.335 GC heap after
{Heap after GC invocations=4 (full 0):
 garbage-first heap   total 163840K, used 20455K [0x0000000761200000, 0x0000000800000000)
  region size 1024K, 7 young (7168K), 7 survivors (7168K)
 Metaspace       used 30834K, capacity 31373K, committed 31488K, reserved 1077248K
  class space    used 3636K, capacity 3837K, committed 3840K, reserved 1048576K
}
Event: 2.792 GC heap before
{Heap before GC invocations=4 (full 0):
 garbage-first heap   total 163840K, used 40935K [0x0000000761200000, 0x0000000800000000)
  region size 1024K, 28 young (28672K), 7 survivors (7168K)
 Metaspace       used 34960K, capacity 35454K, committed 35584K, reserved 1081344K
  class space    used 4290K, capacity 4515K, committed 4608K, reserved 1048576K
}
Event: 2.803 GC heap after
{Heap after GC invocations=5 (full 0):
 garbage-first heap   total 163840K, used 20480K [0x0000000761200000, 0x0000000800000000)
  region size 1024K, 2 young (2048K), 2 survivors (2048K)
 Metaspace       used 34960K, capacity 35454K, committed 35584K, reserved 1081344K
  class space    used 4290K, capacity 4515K, committed 4608K, reserved 1048576K
}
Event: 4.070 GC heap before
{Heap before GC invocations=6 (full 0):
 garbage-first heap   total 163840K, used 80896K [0x0000000761200000, 0x0000000800000000)
  region size 1024K, 59 young (60416K), 2 survivors (2048K)
 Metaspace       used 46905K, capacity 47524K, committed 47744K, reserved 1091584K
  class space    used 5502K, capacity 5758K, committed 5760K, reserved 1048576K
}
Event: 4.089 GC heap after
{Heap after GC invocations=7 (full 0):
 garbage-first heap   total 196608K, used 28545K [0x0000000761200000, 0x0000000800000000)
  region size 1024K, 8 young (8192K), 8 survivors (8192K)
 Metaspace       used 46905K, capacity 47524K, committed 47744K, reserved 1091584K
  class space    used 5502K, capacity 5758K, committed 5760K, reserved 1048576K
}
Event: 5.912 GC heap before
{Heap before GC invocations=8 (full 0):
 garbage-first heap   total 196608K, used 101249K [0x0000000761200000, 0x0000000800000000)
  region size 1024K, 78 young (79872K), 8 survivors (8192K)
 Metaspace       used 52283K, capacity 52955K, committed 53120K, reserved 1095680K
  class space    used 5928K, capacity 6195K, committed 6272K, reserved 1048576K
}
Event: 5.935 GC heap after
{Heap after GC invocations=9 (full 0):
 garbage-first heap   total 196608K, used 36932K [0x0000000761200000, 0x0000000800000000)
  region size 1024K, 9 young (9216K), 9 survivors (9216K)
 Metaspace       used 52283K, capacity 52955K, committed 53120K, reserved 1095680K
  class space    used 5928K, capacity 6195K, committed 6272K, reserved 1048576K
}
Event: 8.033 GC heap before
{Heap before GC invocations=9 (full 0):
 garbage-first heap   total 196608K, used 118852K [0x0000000761200000, 0x0000000800000000)
  region size 1024K, 89 young (91136K), 9 survivors (9216K)
 Metaspace       used 57458K, capacity 58116K, committed 58368K, reserved 1101824K
  class space    used 6361K, capacity 6646K, committed 6656K, reserved 1048576K
}
Event: 8.057 GC heap after
{Heap after GC invocations=10 (full 0):
 garbage-first heap   total 196608K, used 45340K [0x0000000761200000, 0x0000000800000000)
  region size 1024K, 8 young (8192K), 8 survivors (8192K)
 Metaspace       used 57458K, capacity 58116K, committed 58368K, reserved 1101824K
  class space    used 6361K, capacity 6646K, committed 6656K, reserved 1048576K
}
Event: 10.022 GC heap before
{Heap before GC invocations=10 (full 0):
 garbage-first heap   total 196608K, used 134428K [0x0000000761200000, 0x0000000800000000)
  region size 1024K, 95 young (97280K), 8 survivors (8192K)
 Metaspace       used 65876K, capacity 66574K, committed 66688K, reserved 1107968K
  class space    used 7205K, capacity 7445K, committed 7552K, reserved 1048576K
}
Event: 10.046 GC heap after
{Heap after GC invocations=11 (full 0):
 garbage-first heap   total 196608K, used 54013K [0x0000000761200000, 0x0000000800000000)
  region size 1024K, 8 young (8192K), 8 survivors (8192K)
 Metaspace       used 65876K, capacity 66574K, committed 66688K, reserved 1107968K
  class space    used 7205K, capacity 7445K, committed 7552K, reserved 1048576K
}
Event: 12.402 GC heap before
{Heap before GC invocations=11 (full 0):
 garbage-first heap   total 196608K, used 143101K [0x0000000761200000, 0x0000000800000000)
  region size 1024K, 95 young (97280K), 8 survivors (8192K)
 Metaspace       used 74443K, capacity 75149K, committed 75392K, reserved 1116160K
  class space    used 7979K, capacity 8254K, committed 8320K, reserved 1048576K
}

Deoptimization events (20 events):
Event: 12.072 Thread 0x0000020ce5daa800 DEOPT PACKING pc=0x0000020cf186be7c sp=0x0000007e7d9fca20
Event: 12.072 Thread 0x0000020ce5daa800 DEOPT UNPACKING pc=0x0000020ce990a1af sp=0x0000007e7d9fc6d8 mode 2
Event: 12.072 Thread 0x0000020ce5daa800 Uncommon trap: trap_request=0xffffff6e fr.pc=0x0000020cf186be7c relative=0x000000000000005c
Event: 12.072 Thread 0x0000020ce5daa800 Uncommon trap: reason=speculate_class_check action=maybe_recompile pc=0x0000020cf186be7c method=org.jetbrains.kotlin.ir.visitors.IrElementVisitorVoidKt.acceptChildrenVoid(Lorg/jetbrains/kotlin/ir/IrElement;Lorg/jetbrains/kotlin/ir/visitors/IrElementVisito
Event: 12.072 Thread 0x0000020ce5daa800 DEOPT PACKING pc=0x0000020cf186be7c sp=0x0000007e7d9fca20
Event: 12.072 Thread 0x0000020ce5daa800 DEOPT UNPACKING pc=0x0000020ce990a1af sp=0x0000007e7d9fc6d8 mode 2
Event: 12.072 Thread 0x0000020ce5daa800 Uncommon trap: trap_request=0xffffff6e fr.pc=0x0000020cf186be7c relative=0x000000000000005c
Event: 12.072 Thread 0x0000020ce5daa800 Uncommon trap: reason=speculate_class_check action=maybe_recompile pc=0x0000020cf186be7c method=org.jetbrains.kotlin.ir.visitors.IrElementVisitorVoidKt.acceptChildrenVoid(Lorg/jetbrains/kotlin/ir/IrElement;Lorg/jetbrains/kotlin/ir/visitors/IrElementVisito
Event: 12.072 Thread 0x0000020ce5daa800 DEOPT PACKING pc=0x0000020cf186be7c sp=0x0000007e7d9fca20
Event: 12.072 Thread 0x0000020ce5daa800 DEOPT UNPACKING pc=0x0000020ce990a1af sp=0x0000007e7d9fc6d8 mode 2
Event: 12.072 Thread 0x0000020ce5daa800 DEOPT PACKING pc=0x0000020ceb867f1f sp=0x0000007e7d9fc250
Event: 12.072 Thread 0x0000020ce5daa800 DEOPT UNPACKING pc=0x0000020ce990a95e sp=0x0000007e7d9fb770 mode 0
Event: 12.118 Thread 0x0000020ce5daa800 Uncommon trap: trap_request=0xffffffde fr.pc=0x0000020cf1860f98 relative=0x0000000000000fd8
Event: 12.118 Thread 0x0000020ce5daa800 Uncommon trap: reason=class_check action=maybe_recompile pc=0x0000020cf1860f98 method=org.jetbrains.kotlin.ir.util.IrFakeOverrideUtilsKt.collectAndFilterRealOverrides$collectRealOverrides(Ljava/util/Set;Lkotlin/jvm/functions/Function1;Lkotlin/jvm/function
Event: 12.118 Thread 0x0000020ce5daa800 DEOPT PACKING pc=0x0000020cf1860f98 sp=0x0000007e7d9fcbc0
Event: 12.118 Thread 0x0000020ce5daa800 DEOPT UNPACKING pc=0x0000020ce990a1af sp=0x0000007e7d9fcbb0 mode 2
Event: 12.118 Thread 0x0000020ce5daa800 Uncommon trap: trap_request=0xffffffde fr.pc=0x0000020cf1860f98 relative=0x0000000000000fd8
Event: 12.118 Thread 0x0000020ce5daa800 Uncommon trap: reason=class_check action=maybe_recompile pc=0x0000020cf1860f98 method=org.jetbrains.kotlin.ir.util.IrFakeOverrideUtilsKt.collectAndFilterRealOverrides$collectRealOverrides(Ljava/util/Set;Lkotlin/jvm/functions/Function1;Lkotlin/jvm/function
Event: 12.118 Thread 0x0000020ce5daa800 DEOPT PACKING pc=0x0000020cf1860f98 sp=0x0000007e7d9fcae0
Event: 12.118 Thread 0x0000020ce5daa800 DEOPT UNPACKING pc=0x0000020ce990a1af sp=0x0000007e7d9fcaf8 mode 2

Classes redefined (0 events):
No events

Internal exceptions (20 events):
Event: 3.413 Thread 0x0000020ce5daa800 Exception <a 'java/lang/NoSuchMethodError'{0x0000000768c54250}: 'java.lang.Object java.lang.invoke.Invokers$Holder.linkToTargetMethod(java.lang.Object, int, java.lang.Object)'> (0x0000000768c54250) thrown at [./src/hotspot/share/interpreter/linkResolver.cpp, line 773]
Event: 3.477 Thread 0x0000020ce5daa800 Implicit null exception at 0x0000020cf14a9370 to 0x0000020cf14a943c
Event: 3.508 Thread 0x0000020ce5daa800 Implicit null exception at 0x0000020cf14a6d4c to 0x0000020cf14a6e34
Event: 3.562 Thread 0x0000020ce5daa800 Exception <a 'java/lang/NoSuchMethodError'{0x00000007689feef0}: 'java.lang.Object java.lang.invoke.DirectMethodHandle$Holder.invokeStatic(java.lang.Object, java.lang.Object, java.lang.Object, int)'> (0x00000007689feef0) thrown at [./src/hotspot/share/interpreter/linkResolver.cpp, line 773]
Event: 3.562 Thread 0x0000020ce5daa800 Exception <a 'java/lang/NoSuchMethodError'{0x0000000768803078}: 'java.lang.Object java.lang.invoke.DirectMethodHandle$Holder.invokeSpecial(java.lang.Object, java.lang.Object, java.lang.Object, java.lang.Object, int)'> (0x0000000768803078) thrown at [./src/hotspot/share/interpreter/linkResolver.cpp, line 773]
Event: 3.562 Thread 0x0000020ce5daa800 Exception <a 'java/lang/NoSuchMethodError'{0x0000000768806388}: 'java.lang.Object java.lang.invoke.Invokers$Holder.linkToTargetMethod(java.lang.Object, java.lang.Object, int, java.lang.Object)'> (0x0000000768806388) thrown at [./src/hotspot/share/interpreter/linkResolver.cpp, line 773]
Event: 4.912 Thread 0x0000020ce5daa800 Exception <a 'java/lang/NoSuchMethodError'{0x000000076a69b1a0}: 'java.lang.Object java.lang.invoke.DirectMethodHandle$Holder.invokeStaticInit(java.lang.Object, java.lang.Object, java.lang.Object)'> (0x000000076a69b1a0) thrown at [./src/hotspot/share/interpreter/linkResolver.cpp, line 773]
Event: 6.109 Thread 0x0000020ce5daa800 Exception <a 'java/lang/NoSuchMethodError'{0x000000076c452d00}: 'java.lang.Object java.lang.invoke.Invokers$Holder.linkToTargetMethod(java.lang.Object, java.lang.Object, java.lang.Object, java.lang.Object, java.lang.Object, java.lang.Object)'> (0x000000076c452d00) thrown at [./src/hotspot/share/interpreter/linkResolver.cpp, line 773]
Event: 6.110 Thread 0x0000020ce5daa800 Exception <a 'java/lang/NoSuchMethodError'{0x000000076c4598b8}: 'int java.lang.invoke.DirectMethodHandle$Holder.invokeStaticInit(java.lang.Object, int)'> (0x000000076c4598b8) thrown at [./src/hotspot/share/interpreter/linkResolver.cpp, line 773]
Event: 6.602 Thread 0x0000020ce5daa800 Implicit null exception at 0x0000020cf1479f43 to 0x0000020cf147a0c8
Event: 6.602 Thread 0x0000020ce5daa800 Implicit null exception at 0x0000020cf13d9f78 to 0x0000020cf13da00a
Event: 7.741 Thread 0x0000020ce5daa800 Exception <a 'java/lang/NoSuchMethodError'{0x00000007682985d0}: 'java.lang.Object java.lang.invoke.Invokers$Holder.linkToTargetMethod(java.lang.Object, java.lang.Object, java.lang.Object, java.lang.Object, java.lang.Object, java.lang.Object, java.lang.Object)'> (0x00000007682985d0) thrown at [./src/hotspot/share/interpreter/linkResolver.cpp, line 773]
Event: 7.824 Thread 0x0000020ce5daa800 Implicit null exception at 0x0000020cf13d75f5 to 0x0000020cf13d77d8
Event: 7.824 Thread 0x0000020ce5daa800 Implicit null exception at 0x0000020cf13db3af to 0x0000020cf13db429
Event: 8.101 Thread 0x0000020ce5daa800 Exception <a 'java/lang/NoSuchMethodError'{0x000000076d0f7128}: 'java.lang.Object java.lang.invoke.DirectMethodHandle$Holder.invokeStaticInit(java.lang.Object, java.lang.Object, java.lang.Object, java.lang.Object)'> (0x000000076d0f7128) thrown at [./src/hotspot/share/interpreter/linkResolver.cpp, line 773]
Event: 8.381 Thread 0x0000020ce5daa800 Exception <a 'java/lang/NoSuchMethodError'{0x000000076c1eaed0}: 'int java.lang.invoke.DirectMethodHandle$Holder.invokeStaticInit(java.lang.Object, java.lang.Object, java.lang.Object, java.lang.Object)'> (0x000000076c1eaed0) thrown at [./src/hotspot/share/interpreter/linkResolver.cpp, line 773]
Event: 8.972 Thread 0x0000020ce5daa800 Exception <a 'java/lang/NoSuchMethodError'{0x000000076ae24ba8}: 'int java.lang.invoke.DirectMethodHandle$Holder.invokeInterface(java.lang.Object, java.lang.Object)'> (0x000000076ae24ba8) thrown at [./src/hotspot/share/interpreter/linkResolver.cpp, line 773]
Event: 10.433 Thread 0x0000020ce5daa800 Exception <a 'java/lang/NoSuchMethodError'{0x000000076c578e50}: 'java.lang.Object java.lang.invoke.DirectMethodHandle$Holder.invokeStatic(java.lang.Object, int, java.lang.Object, java.lang.Object)'> (0x000000076c578e50) thrown at [./src/hotspot/share/interpreter/linkResolver.cpp, line 773]
Event: 10.522 Thread 0x0000020ce5daa800 Implicit null exception at 0x0000020cf13e4d74 to 0x0000020cf13e4fa4
Event: 11.083 Thread 0x0000020ce5daa800 Implicit null exception at 0x0000020cf17e8172 to 0x0000020cf17e8219

Events (20 events):
Event: 12.398 loading class org/jetbrains/kotlin/backend/jvm/codegen/ClassCodegenKt$WhenMappings done
Event: 12.399 loading class org/jetbrains/kotlin/backend/jvm/codegen/DescriptorMetadataSerializer
Event: 12.399 loading class org/jetbrains/kotlin/backend/jvm/codegen/DescriptorMetadataSerializer done
Event: 12.399 loading class org/jetbrains/kotlin/backend/jvm/codegen/MetadataSerializer
Event: 12.399 loading class org/jetbrains/kotlin/backend/jvm/codegen/MetadataSerializer done
Event: 12.400 loading class org/jetbrains/kotlin/codegen/serialization/JvmSerializerExtension
Event: 12.400 loading class org/jetbrains/kotlin/codegen/serialization/JvmSerializerExtension done
Event: 12.400 loading class org/jetbrains/kotlin/serialization/SerializerExtension
Event: 12.400 loading class org/jetbrains/kotlin/serialization/SerializerExtension done
Event: 12.401 loading class org/jetbrains/kotlin/serialization/SerializerExtension$annotationSerializer$2
Event: 12.401 loading class org/jetbrains/kotlin/serialization/SerializerExtension$annotationSerializer$2 done
Event: 12.401 loading class org/jetbrains/kotlin/codegen/serialization/JvmCodegenStringTable
Event: 12.401 loading class org/jetbrains/kotlin/codegen/serialization/JvmCodegenStringTable done
Event: 12.401 loading class org/jetbrains/kotlin/serialization/DescriptorAwareStringTable
Event: 12.401 loading class org/jetbrains/kotlin/serialization/DescriptorAwareStringTable done
Event: 12.402 loading class org/jetbrains/kotlin/metadata/serialization/StringTable
Event: 12.402 loading class org/jetbrains/kotlin/metadata/serialization/StringTable done
Event: 12.402 loading class org/jetbrains/kotlin/metadata/jvm/serialization/JvmStringTable
Event: 12.402 loading class org/jetbrains/kotlin/metadata/jvm/serialization/JvmStringTable done
Event: 12.402 Executing VM operation: G1CollectForAllocation


Dynamic libraries:
0x00007ff720ab0000 - 0x00007ff720aba000 	C:\Users\Bayan\AppData\Local\JetBrains\Toolbox\apps\AndroidStudio\ch-0\213.7172.25.2113.9123335\jre\bin\java.exe
0x00007ffa1f650000 - 0x00007ffa1f864000 	C:\WINDOWS\SYSTEM32\ntdll.dll
0x00007ffa1f000000 - 0x00007ffa1f0c3000 	C:\WINDOWS\System32\KERNEL32.DLL
0x00007ffa1ca90000 - 0x00007ffa1ce2c000 	C:\WINDOWS\System32\KERNELBASE.dll
0x00007ffa1d230000 - 0x00007ffa1d341000 	C:\WINDOWS\System32\ucrtbase.dll
0x00007ffa0f7a0000 - 0x00007ffa0f7b9000 	C:\Users\Bayan\AppData\Local\JetBrains\Toolbox\apps\AndroidStudio\ch-0\213.7172.25.2113.9123335\jre\bin\jli.dll
0x00007ffa0be80000 - 0x00007ffa0be97000 	C:\Users\Bayan\AppData\Local\JetBrains\Toolbox\apps\AndroidStudio\ch-0\213.7172.25.2113.9123335\jre\bin\VCRUNTIME140.dll
0x00007ffa1dfc0000 - 0x00007ffa1e16d000 	C:\WINDOWS\System32\USER32.dll
0x00007ffa0a380000 - 0x00007ffa0a60e000 	C:\WINDOWS\WinSxS\amd64_microsoft.windows.common-controls_6595b64144ccf1df_6.0.22621.608_none_a9444ca7c10bb01d\COMCTL32.dll
0x00007ffa1ce30000 - 0x00007ffa1ce56000 	C:\WINDOWS\System32\win32u.dll
0x00007ffa1deb0000 - 0x00007ffa1df57000 	C:\WINDOWS\System32\msvcrt.dll
0x00007ffa1d560000 - 0x00007ffa1d589000 	C:\WINDOWS\System32\GDI32.dll
0x00007ffa1d050000 - 0x00007ffa1d162000 	C:\WINDOWS\System32\gdi32full.dll
0x00007ffa1d350000 - 0x00007ffa1d3ea000 	C:\WINDOWS\System32\msvcp_win.dll
0x00007ffa1dbc0000 - 0x00007ffa1dbf2000 	C:\WINDOWS\System32\IMM32.DLL
0x00007ff9efe90000 - 0x00007ff9eff2d000 	C:\Users\Bayan\AppData\Local\JetBrains\Toolbox\apps\AndroidStudio\ch-0\213.7172.25.2113.9123335\jre\bin\msvcp140.dll
0x00007ff9e03f0000 - 0x00007ff9e0ef2000 	C:\Users\Bayan\AppData\Local\JetBrains\Toolbox\apps\AndroidStudio\ch-0\213.7172.25.2113.9123335\jre\bin\server\jvm.dll
0x00007ffa1dd30000 - 0x00007ffa1ddde000 	C:\WINDOWS\System32\ADVAPI32.dll
0x00007ffa1de00000 - 0x00007ffa1dea4000 	C:\WINDOWS\System32\sechost.dll
0x00007ffa1da40000 - 0x00007ffa1db55000 	C:\WINDOWS\System32\RPCRT4.dll
0x00007ffa1dc10000 - 0x00007ffa1dc18000 	C:\WINDOWS\System32\PSAPI.DLL
0x00007ffa17f70000 - 0x00007ffa17f79000 	C:\WINDOWS\SYSTEM32\WSOCK32.dll
0x00007ffa0d220000 - 0x00007ffa0d254000 	C:\WINDOWS\SYSTEM32\WINMM.dll
0x00007ffa09e60000 - 0x00007ffa09e6a000 	C:\WINDOWS\SYSTEM32\VERSION.dll
0x00007ffa1d460000 - 0x00007ffa1d4d1000 	C:\WINDOWS\System32\WS2_32.dll
0x00007ffa1bb90000 - 0x00007ffa1bba8000 	C:\WINDOWS\SYSTEM32\kernel.appcore.dll
0x00007ffa10e80000 - 0x00007ffa10e91000 	C:\Users\Bayan\AppData\Local\JetBrains\Toolbox\apps\AndroidStudio\ch-0\213.7172.25.2113.9123335\jre\bin\verify.dll
0x00007ffa07430000 - 0x00007ffa0765e000 	C:\WINDOWS\SYSTEM32\DBGHELP.DLL
0x00007ffa1f280000 - 0x00007ffa1f60a000 	C:\WINDOWS\System32\combase.dll
0x00007ffa1d860000 - 0x00007ffa1d937000 	C:\WINDOWS\System32\OLEAUT32.dll
0x00007ffa072a0000 - 0x00007ffa072d2000 	C:\WINDOWS\SYSTEM32\dbgcore.DLL
0x00007ffa1cfd0000 - 0x00007ffa1d04b000 	C:\WINDOWS\System32\bcryptPrimitives.dll
0x00007ffa10e50000 - 0x00007ffa10e79000 	C:\Users\Bayan\AppData\Local\JetBrains\Toolbox\apps\AndroidStudio\ch-0\213.7172.25.2113.9123335\jre\bin\java.dll
0x00007ffa10e20000 - 0x00007ffa10e2b000 	C:\Users\Bayan\AppData\Local\JetBrains\Toolbox\apps\AndroidStudio\ch-0\213.7172.25.2113.9123335\jre\bin\jimage.dll
0x00007ffa10a20000 - 0x00007ffa10a38000 	C:\Users\Bayan\AppData\Local\JetBrains\Toolbox\apps\AndroidStudio\ch-0\213.7172.25.2113.9123335\jre\bin\zip.dll
0x00007ffa1e810000 - 0x00007ffa1efff000 	C:\WINDOWS\System32\SHELL32.dll
0x00007ffa1aa70000 - 0x00007ffa1b338000 	C:\WINDOWS\SYSTEM32\windows.storage.dll
0x00007ffa1a930000 - 0x00007ffa1aa6e000 	C:\WINDOWS\SYSTEM32\wintypes.dll
0x00007ffa1dc20000 - 0x00007ffa1dd11000 	C:\WINDOWS\System32\SHCORE.dll
0x00007ffa1df60000 - 0x00007ffa1dfbe000 	C:\WINDOWS\System32\shlwapi.dll
0x00007ffa1c9c0000 - 0x00007ffa1c9e1000 	C:\WINDOWS\SYSTEM32\profapi.dll
0x00007ffa10a00000 - 0x00007ffa10a1a000 	C:\Users\Bayan\AppData\Local\JetBrains\Toolbox\apps\AndroidStudio\ch-0\213.7172.25.2113.9123335\jre\bin\net.dll
0x00007ffa15f70000 - 0x00007ffa1609f000 	C:\WINDOWS\SYSTEM32\WINHTTP.dll
0x00007ffa1bff0000 - 0x00007ffa1c059000 	C:\WINDOWS\system32\mswsock.dll
0x00007ffa101f0000 - 0x00007ffa10204000 	C:\Users\Bayan\AppData\Local\JetBrains\Toolbox\apps\AndroidStudio\ch-0\213.7172.25.2113.9123335\jre\bin\nio.dll

dbghelp: loaded successfully - version: 4.0.5 - missing functions: none
symbol engine: initialized successfully - sym options: 0x614 - pdb path: .;C:\Users\Bayan\AppData\Local\JetBrains\Toolbox\apps\AndroidStudio\ch-0\213.7172.25.2113.9123335\jre\bin;C:\WINDOWS\SYSTEM32;C:\WINDOWS\WinSxS\amd64_microsoft.windows.common-controls_6595b64144ccf1df_6.0.22621.608_none_a9444ca7c10bb01d;C:\Users\Bayan\AppData\Local\JetBrains\Toolbox\apps\AndroidStudio\ch-0\213.7172.25.2113.9123335\jre\bin\server

VM Arguments:
java_command: org.jetbrains.kotlin.cli.jvm.K2JVMCompiler @C:\Users\Bayan\AndroidStudioProjects\ComposeCourse\app\build\20230228_1960532613039642865.compiler.options
java_class_path (initial): C:\Users\Bayan\.gradle\caches\modules-2\files-2.1\org.jetbrains.kotlin\kotlin-compiler-embeddable\1.6.10\88f2073f4020cdb83132cfe940ceb9a60aba54ea\kotlin-compiler-embeddable-1.6.10.jar;C:\Users\Bayan\.gradle\caches\modules-2\files-2.1\org.jetbrains.kotlin\kotlin-reflect\1.6.10\1cbe9c92c12a94eea200d23c2bbaedaf3daf5132\kotlin-reflect-1.6.10.jar;C:\Users\Bayan\.gradle\caches\modules-2\files-2.1\org.jetbrains.kotlin\kotlin-stdlib\1.6.10\b8af3fe6f1ca88526914929add63cf5e7c5049af\kotlin-stdlib-1.6.10.jar;C:\Users\Bayan\.gradle\caches\modules-2\files-2.1\org.jetbrains.kotlin\kotlin-script-runtime\1.6.10\d0a7ff2e2500ef497ed0214ae40ad3c8387a6164\kotlin-script-runtime-1.6.10.jar;C:\Users\Bayan\.gradle\caches\modules-2\files-2.1\org.jetbrains.kotlin\kotlin-daemon-embeddable\1.6.10\a56d79bcbea411fa6058e4ecffc2de73e742bd2a\kotlin-daemon-embeddable-1.6.10.jar;C:\Users\Bayan\.gradle\caches\modules-2\files-2.1\org.jetbrains.intellij.deps\trove4j\1.0.20181211\216c2e14b070f334479d800987affe4054cd563f\trove4j-1.0.20181211.jar;C:\Users\Bayan\.gradle\caches\modules-2\files-2.1\net.java.dev.jna\jna\5.6.0\330f2244e9030119ab3030fc3fededc86713d9cc\jna-5.6.0.jar;C:\Users\Bayan\.gradle\caches\modules-2\files-2.1\org.jetbrains\annotations\13.0\919f0dfe192fb4e063e7dacadee7f8bb9a2672a9\annotations-13.0.jar;C:\Users\Bayan\.gradle\caches\modules-2\files-2.1\org.jetbrains.kotlin\kotlin-stdlib-common\1.6.10\c118700e3a33c8a0d9adc920e9dec0831171925\kotlin-stdlib-common-1.6.10.jar
Launcher Type: SUN_STANDARD

[Global flags]
     intx CICompilerCount                          = 3                                         {product} {ergonomic}
     uint ConcGCThreads                            = 1                                         {product} {ergonomic}
     uint G1ConcRefinementThreads                  = 4                                         {product} {ergonomic}
   size_t G1HeapRegionSize                         = 1048576                                   {product} {ergonomic}
    uintx GCDrainStackTargetSize                   = 64                                        {product} {ergonomic}
   size_t InitialHeapSize                          = 167772160                                 {product} {ergonomic}
   size_t MarkStackSize                            = 4194304                                   {product} {ergonomic}
   size_t MaxHeapSize                              = 2665480192                                {product} {ergonomic}
   size_t MaxNewSize                               = 1599078400                                {product} {ergonomic}
   size_t MinHeapDeltaBytes                        = 1048576                                   {product} {ergonomic}
    uintx NonNMethodCodeHeapSize                   = 5830732                                {pd product} {ergonomic}
    uintx NonProfiledCodeHeapSize                  = 122913754                              {pd product} {ergonomic}
    uintx ProfiledCodeHeapSize                     = 122913754                              {pd product} {ergonomic}
    uintx ReservedCodeCacheSize                    = 251658240                              {pd product} {ergonomic}
     bool SegmentedCodeCache                       = true                                      {product} {ergonomic}
     bool UseCompressedClassPointers               = true                                 {lp64_product} {ergonomic}
     bool UseCompressedOops                        = true                                 {lp64_product} {ergonomic}
     bool UseG1GC                                  = true                                      {product} {ergonomic}
     bool UseLargePagesIndividualAllocation        = false                                  {pd product} {ergonomic}

Logging:
Log output configuration:
 #0: stdout all=warning uptime,level,tags
 #1: stderr all=off uptime,level,tags

Environment Variables:
PATH=C:\WINDOWS\system32;C:\WINDOWS;C:\WINDOWS\System32\Wbem;C:\WINDOWS\System32\WindowsPowerShell\v1.0\;C:\WINDOWS\System32\OpenSSH\;C:\Program Files\dotnet\;C:\Program Files\Git\cmd;C:\Program Files (x86)\AOMEI\AOMEI Backupper\6.5.1;C:\Users\Bayan\AppData\Local\Programs\Python\Python311\Scripts\;C:\Users\Bayan\AppData\Local\Programs\Python\Python311\;C:\Users\Bayan\AppData\Local\Microsoft\WindowsApps;C:\Users\Bayan\AppData\Local\JetBrains\Toolbox\scripts;D:\Libraries\Programs\Executable;C:\Users\Bayan\Programs\Installer\yt-dlp\yt-dlp-gui\src\dist\yt-dlp-gui;C:\Users\Bayan\AppData\Local\Microsoft\WindowsApps;D:\Libraries\Programs\Android;C:\Users\Bayan\AppData\Local\Android\Sdk\platform-tools;
USERNAME=Bayan
OS=Windows_NT
PROCESSOR_IDENTIFIER=Intel64 Family 6 Model 60 Stepping 3, GenuineIntel



---------------  S Y S T E M  ---------------

OS: Windows 11 , 64 bit Build 22621 (10.0.22621.1194)
OS uptime: 0 days 13:46 hours
Hyper-V role detected

CPU:total 4 (initial active 4) (2 cores per cpu, 2 threads per core) family 6 model 60 stepping 3 microcode 0x28, cmov, cx8, fxsr, mmx, sse, sse2, sse3, ssse3, sse4.1, sse4.2, popcnt, avx, avx2, aes, clmul, erms, lzcnt, ht, tsc, tscinvbit, bmi1, bmi2, fma

Memory: 4k page, system-wide physical 10165M (1422M free)
TotalPageFile size 10165M (AvailPageFile size 7M)
current process WorkingSet (physical memory assigned to process): 372M, peak: 372M
current process commit charge ("private bytes"): 439M, peak: 478M

vm_info: OpenJDK 64-Bit Server VM (11.0.13+0-b1751.21-8125866) for windows-amd64 JRE (11.0.13+0-b1751.21-8125866), built on Feb  2 2022 03:00:22 by "builder" with MS VC++ 14.0 (VS2015)

END.
