#
# There is insufficient memory for the Java Runtime Environment to continue.
# Native memory allocation (malloc) failed to allocate 683536 bytes for Chunk::new
# Possible reasons:
#   The system is out of physical RAM or swap space
#   The process is running with CompressedOops enabled, and the Java Heap may be blocking the growth of the native heap
# Possible solutions:
#   Reduce memory load on the system
#   Increase physical memory or swap space
#   Check if swap backing store is full
#   Decrease Java heap size (-Xmx/-Xms)
#   Decrease number of Java threads
#   Decrease Java thread stack sizes (-Xss)
#   Set larger code cache with -XX:ReservedCodeCacheSize=
#   JVM is running with Zero Based Compressed Oops mode in which the Java heap is
#     placed in the first 32GB address space. The Java Heap base address is the
#     maximum limit for the native heap growth. Please use -XX:HeapBaseMinAddress
#     to set the Java Heap base and to place the Java Heap above 32GB virtual address.
# This output file may be truncated or incomplete.
#
#  Out of Memory Error (./src/hotspot/share/memory/arena.cpp:197), pid=2692, tid=2980
#
# JRE version: OpenJDK Runtime Environment (11.0.13) (build 11.0.13+0-b1751.21-8125866)
# Java VM: OpenJDK 64-Bit Server VM (11.0.13+0-b1751.21-8125866, mixed mode, tiered, compressed oops, g1 gc, windows-amd64)
# No core dump will be written. Minidumps are not enabled by default on client versions of Windows
#

---------------  S U M M A R Y ------------

Command Line: org.jetbrains.kotlin.cli.jvm.K2JVMCompiler @C:\Users\Bayan\AndroidStudioProjects\ComposeCourse\app\build\20230228_3445213397935850794.compiler.options

Host: Intel(R) Core(TM) i5-4310M CPU @ 2.70GHz, 4 cores, 9G,  Windows 11 , 64 bit Build 22621 (10.0.22621.1194)
Time: Tue Feb 28 12:26:20 2023 Pacific Standard Time elapsed time: 19.984891 seconds (0d 0h 0m 19s)

---------------  T H R E A D  ---------------

Current thread (0x000002b539905000):  JavaThread "C2 CompilerThread1" daemon [_thread_in_native, id=2980, stack(0x000000e9a8a00000,0x000000e9a8b00000)]


Current CompileTask:
C2:  19984 9660       4       androidx.compose.compiler.plugins.kotlin.lower.ComposerTypeRemapper::underlyingRemapType (330 bytes)

Stack: [0x000000e9a8a00000,0x000000e9a8b00000]
Native frames: (J=compiled Java code, j=interpreted, Vv=VM code, C=native code)
V  [jvm.dll+0x6100fa]
V  [jvm.dll+0x747090]
V  [jvm.dll+0x7486ad]
V  [jvm.dll+0x748d83]
V  [jvm.dll+0x24ab48]
V  [jvm.dll+0xc04dc]
V  [jvm.dll+0xc0a0c]
V  [jvm.dll+0x35eb5b]
V  [jvm.dll+0x32b833]
V  [jvm.dll+0x32ad2a]
V  [jvm.dll+0x2032b2]
V  [jvm.dll+0x202437]
V  [jvm.dll+0x188e01]
V  [jvm.dll+0x21106b]
V  [jvm.dll+0x20f8c1]
V  [jvm.dll+0x70de0f]
V  [jvm.dll+0x706a75]
V  [jvm.dll+0x60ed66]
C  [ucrtbase.dll+0x29363]
C  [KERNEL32.DLL+0x126bd]
C  [ntdll.dll+0x5dfb8]


---------------  P R O C E S S  ---------------

Threads class SMR info:
_java_thread_list=0x000002b53d56aa60, length=11, elements={
0x000002b51c13a800, 0x000002b538f85000, 0x000002b538f8e000, 0x000002b5397a2800,
0x000002b5397a4800, 0x000002b5397aa000, 0x000002b5397ab000, 0x000002b5397f7800,
0x000002b539803000, 0x000002b539958000, 0x000002b539905000
}

Java Threads: ( => current thread )
  0x000002b51c13a800 JavaThread "main" [_thread_in_vm, id=6052, stack(0x000000e9a7900000,0x000000e9a7a00000)]
  0x000002b538f85000 JavaThread "Reference Handler" daemon [_thread_blocked, id=8792, stack(0x000000e9a8000000,0x000000e9a8100000)]
  0x000002b538f8e000 JavaThread "Finalizer" daemon [_thread_blocked, id=10716, stack(0x000000e9a8100000,0x000000e9a8200000)]
  0x000002b5397a2800 JavaThread "Signal Dispatcher" daemon [_thread_blocked, id=13464, stack(0x000000e9a8200000,0x000000e9a8300000)]
  0x000002b5397a4800 JavaThread "Attach Listener" daemon [_thread_blocked, id=3084, stack(0x000000e9a8300000,0x000000e9a8400000)]
  0x000002b5397aa000 JavaThread "Service Thread" daemon [_thread_blocked, id=2512, stack(0x000000e9a8400000,0x000000e9a8500000)]
  0x000002b5397ab000 JavaThread "C2 CompilerThread0" daemon [_thread_in_native, id=11724, stack(0x000000e9a8500000,0x000000e9a8600000)]
  0x000002b5397f7800 JavaThread "C1 CompilerThread0" daemon [_thread_in_native, id=568, stack(0x000000e9a8600000,0x000000e9a8700000)]
  0x000002b539803000 JavaThread "Sweeper thread" daemon [_thread_blocked, id=5136, stack(0x000000e9a8700000,0x000000e9a8800000)]
  0x000002b539958000 JavaThread "Common-Cleaner" daemon [_thread_blocked, id=11636, stack(0x000000e9a8900000,0x000000e9a8a00000)]
=>0x000002b539905000 JavaThread "C2 CompilerThread1" daemon [_thread_in_native, id=2980, stack(0x000000e9a8a00000,0x000000e9a8b00000)]

Other Threads:
  0x000002b538f5d800 VMThread "VM Thread" [stack: 0x000000e9a7f00000,0x000000e9a8000000] [id=7072]
  0x000002b53994f800 WatcherThread [stack: 0x000000e9a8800000,0x000000e9a8900000] [id=2684]
  0x000002b51c153800 GCTaskThread "GC Thread#0" [stack: 0x000000e9a7a00000,0x000000e9a7b00000] [id=12856]
  0x000002b539e8f800 GCTaskThread "GC Thread#1" [stack: 0x000000e9a8b00000,0x000000e9a8c00000] [id=13084]
  0x000002b539f4e000 GCTaskThread "GC Thread#2" [stack: 0x000000e9a8c00000,0x000000e9a8d00000] [id=1756]
  0x000002b53e6e9800 GCTaskThread "GC Thread#3" [stack: 0x000000e9a8d00000,0x000000e9a8e00000] [id=11760]
  0x000002b51c192000 ConcurrentGCThread "G1 Main Marker" [stack: 0x000000e9a7b00000,0x000000e9a7c00000] [id=5828]
  0x000002b51c193000 ConcurrentGCThread "G1 Conc#0" [stack: 0x000000e9a7c00000,0x000000e9a7d00000] [id=6776]
  0x000002b51c20e000 ConcurrentGCThread "G1 Refine#0" [stack: 0x000000e9a7d00000,0x000000e9a7e00000] [id=2760]
  0x000002b538dc6800 ConcurrentGCThread "G1 Young RemSet Sampling" [stack: 0x000000e9a7e00000,0x000000e9a7f00000] [id=11072]

Threads with active compile tasks:
C2 CompilerThread0  20005 9667       4       androidx.compose.compiler.plugins.kotlin.lower.ComposerTypeRemapper::remapType (763 bytes)
C2 CompilerThread1  20006 9660       4       androidx.compose.compiler.plugins.kotlin.lower.ComposerTypeRemapper::underlyingRemapType (330 bytes)

VM state:not at safepoint (normal execution)

VM Mutex/Monitor currently owned by a thread: None

Heap address: 0x0000000761200000, size: 2542 MB, Compressed Oops mode: Zero based, Oop shift amount: 3
Narrow klass base: 0x0000000800000000, Narrow klass shift: 0
Compressed class space size: 1073741824 Address: 0x0000000800000000

Heap:
 garbage-first heap   total 196608K, used 56247K [0x0000000761200000, 0x0000000800000000)
  region size 1024K, 11 young (11264K), 9 survivors (9216K)
 Metaspace       used 66607K, capacity 67250K, committed 67456K, reserved 1110016K
  class space    used 7226K, capacity 7477K, committed 7552K, reserved 1048576K
Heap Regions: E=young(eden), S=young(survivor), O=old, HS=humongous(starts), HC=humongous(continues), CS=collection set, F=free, A=archive, TAMS=top-at-mark-start (previous, next)
|   0|0x0000000761200000, 0x0000000761300000, 0x0000000761300000|100%|HS|  |TAMS 0x0000000761300000, 0x0000000761200000| Complete 
|   1|0x0000000761300000, 0x0000000761400000, 0x0000000761400000|100%|HC|  |TAMS 0x0000000761400000, 0x0000000761300000| Complete 
|   2|0x0000000761400000, 0x0000000761500000, 0x0000000761500000|100%|HC|  |TAMS 0x0000000761500000, 0x0000000761400000| Complete 
|   3|0x0000000761500000, 0x0000000761600000, 0x0000000761600000|100%| O|  |TAMS 0x0000000761600000, 0x0000000761500000| Untracked 
|   4|0x0000000761600000, 0x0000000761700000, 0x0000000761700000|100%| O|  |TAMS 0x0000000761700000, 0x0000000761600000| Untracked 
|   5|0x0000000761700000, 0x0000000761800000, 0x0000000761800000|100%|HS|  |TAMS 0x0000000761800000, 0x0000000761700000| Complete 
|   6|0x0000000761800000, 0x0000000761900000, 0x0000000761900000|100%|HC|  |TAMS 0x0000000761900000, 0x0000000761800000| Complete 
|   7|0x0000000761900000, 0x0000000761a00000, 0x0000000761a00000|100%|HC|  |TAMS 0x0000000761a00000, 0x0000000761900000| Complete 
|   8|0x0000000761a00000, 0x0000000761b00000, 0x0000000761b00000|100%|HS|  |TAMS 0x0000000761a00000, 0x0000000761a00000| Complete 
|   9|0x0000000761b00000, 0x0000000761c00000, 0x0000000761c00000|100%|HC|  |TAMS 0x0000000761b00000, 0x0000000761b00000| Complete 
|  10|0x0000000761c00000, 0x0000000761d00000, 0x0000000761d00000|100%| O|  |TAMS 0x0000000761d00000, 0x0000000761c00000| Untracked 
|  11|0x0000000761d00000, 0x0000000761e00000, 0x0000000761e00000|100%| O|  |TAMS 0x0000000761e00000, 0x0000000761d00000| Untracked 
|  12|0x0000000761e00000, 0x0000000761f00000, 0x0000000761f00000|100%| O|  |TAMS 0x0000000761f00000, 0x0000000761e00000| Untracked 
|  13|0x0000000761f00000, 0x0000000762000000, 0x0000000762000000|100%| O|  |TAMS 0x0000000762000000, 0x0000000761f00000| Untracked 
|  14|0x0000000762000000, 0x0000000762100000, 0x0000000762100000|100%| O|  |TAMS 0x0000000762100000, 0x0000000762000000| Untracked 
|  15|0x0000000762100000, 0x0000000762200000, 0x0000000762200000|100%| O|  |TAMS 0x0000000762200000, 0x0000000762100000| Untracked 
|  16|0x0000000762200000, 0x0000000762300000, 0x0000000762300000|100%| O|  |TAMS 0x0000000762300000, 0x0000000762200000| Untracked 
|  17|0x0000000762300000, 0x0000000762400000, 0x0000000762400000|100%| O|  |TAMS 0x0000000762400000, 0x0000000762300000| Untracked 
|  18|0x0000000762400000, 0x0000000762500000, 0x0000000762500000|100%| O|  |TAMS 0x0000000762500000, 0x0000000762400000| Untracked 
|  19|0x0000000762500000, 0x0000000762600000, 0x0000000762600000|100%| O|  |TAMS 0x00000007625ea200, 0x0000000762500000| Untracked 
|  20|0x0000000762600000, 0x0000000762700000, 0x0000000762700000|100%| O|  |TAMS 0x0000000762600000, 0x0000000762600000| Untracked 
|  21|0x0000000762700000, 0x0000000762800000, 0x0000000762800000|100%| O|  |TAMS 0x0000000762700000, 0x0000000762700000| Untracked 
|  22|0x0000000762800000, 0x0000000762900000, 0x0000000762900000|100%| O|  |TAMS 0x0000000762800000, 0x0000000762800000| Untracked 
|  23|0x0000000762900000, 0x0000000762a00000, 0x0000000762a00000|100%| O|  |TAMS 0x0000000762900000, 0x0000000762900000| Untracked 
|  24|0x0000000762a00000, 0x0000000762b00000, 0x0000000762b00000|100%| O|  |TAMS 0x0000000762a00000, 0x0000000762a00000| Untracked 
|  25|0x0000000762b00000, 0x0000000762c00000, 0x0000000762c00000|100%| O|  |TAMS 0x0000000762b00000, 0x0000000762b00000| Untracked 
|  26|0x0000000762c00000, 0x0000000762d00000, 0x0000000762d00000|100%| O|  |TAMS 0x0000000762c00000, 0x0000000762c00000| Untracked 
|  27|0x0000000762d00000, 0x0000000762e00000, 0x0000000762e00000|100%| O|  |TAMS 0x0000000762d00000, 0x0000000762d00000| Untracked 
|  28|0x0000000762e00000, 0x0000000762f00000, 0x0000000762f00000|100%| O|  |TAMS 0x0000000762e00000, 0x0000000762e00000| Untracked 
|  29|0x0000000762f00000, 0x0000000763000000, 0x0000000763000000|100%| O|  |TAMS 0x0000000762f00000, 0x0000000762f00000| Untracked 
|  30|0x0000000763000000, 0x0000000763100000, 0x0000000763100000|100%| O|  |TAMS 0x0000000763000000, 0x0000000763000000| Untracked 
|  31|0x0000000763100000, 0x0000000763200000, 0x0000000763200000|100%| O|  |TAMS 0x0000000763100000, 0x0000000763100000| Untracked 
|  32|0x0000000763200000, 0x0000000763300000, 0x0000000763300000|100%| O|  |TAMS 0x0000000763200000, 0x0000000763200000| Untracked 
|  33|0x0000000763300000, 0x0000000763400000, 0x0000000763400000|100%| O|  |TAMS 0x0000000763300000, 0x0000000763300000| Untracked 
|  34|0x0000000763400000, 0x0000000763500000, 0x0000000763500000|100%| O|  |TAMS 0x0000000763400000, 0x0000000763400000| Untracked 
|  35|0x0000000763500000, 0x0000000763600000, 0x0000000763600000|100%| O|  |TAMS 0x0000000763500000, 0x0000000763500000| Untracked 
|  36|0x0000000763600000, 0x0000000763700000, 0x0000000763700000|100%| O|  |TAMS 0x0000000763600000, 0x0000000763600000| Untracked 
|  37|0x0000000763700000, 0x0000000763800000, 0x0000000763800000|100%| O|  |TAMS 0x0000000763700000, 0x0000000763700000| Untracked 
|  38|0x0000000763800000, 0x0000000763900000, 0x0000000763900000|100%| O|  |TAMS 0x0000000763800000, 0x0000000763800000| Untracked 
|  39|0x0000000763900000, 0x0000000763a00000, 0x0000000763a00000|100%| O|  |TAMS 0x0000000763900000, 0x0000000763900000| Untracked 
|  40|0x0000000763a00000, 0x0000000763b00000, 0x0000000763b00000|100%| O|  |TAMS 0x0000000763a00000, 0x0000000763a00000| Untracked 
|  41|0x0000000763b00000, 0x0000000763c00000, 0x0000000763c00000|100%| O|  |TAMS 0x0000000763b00000, 0x0000000763b00000| Untracked 
|  42|0x0000000763c00000, 0x0000000763d00000, 0x0000000763d00000|100%| O|  |TAMS 0x0000000763c00000, 0x0000000763c00000| Untracked 
|  43|0x0000000763d00000, 0x0000000763e00000, 0x0000000763e00000|100%| O|  |TAMS 0x0000000763d00000, 0x0000000763d00000| Untracked 
|  44|0x0000000763e00000, 0x0000000763f00000, 0x0000000763f00000|100%| O|  |TAMS 0x0000000763e00000, 0x0000000763e00000| Untracked 
|  45|0x0000000763f00000, 0x0000000763f00000, 0x0000000764000000|  0%| F|  |TAMS 0x0000000763f00000, 0x0000000763f00000| Untracked 
|  46|0x0000000764000000, 0x0000000764000000, 0x0000000764100000|  0%| F|  |TAMS 0x0000000764000000, 0x0000000764000000| Untracked 
|  47|0x0000000764100000, 0x0000000764100000, 0x0000000764200000|  0%| F|  |TAMS 0x0000000764100000, 0x0000000764100000| Untracked 
|  48|0x0000000764200000, 0x0000000764200000, 0x0000000764300000|  0%| F|  |TAMS 0x0000000764200000, 0x0000000764200000| Untracked 
|  49|0x0000000764300000, 0x0000000764300000, 0x0000000764400000|  0%| F|  |TAMS 0x0000000764300000, 0x0000000764300000| Untracked 
|  50|0x0000000764400000, 0x0000000764400000, 0x0000000764500000|  0%| F|  |TAMS 0x0000000764400000, 0x0000000764400000| Untracked 
|  51|0x0000000764500000, 0x0000000764500000, 0x0000000764600000|  0%| F|  |TAMS 0x0000000764500000, 0x0000000764500000| Untracked 
|  52|0x0000000764600000, 0x0000000764600000, 0x0000000764700000|  0%| F|  |TAMS 0x0000000764600000, 0x0000000764600000| Untracked 
|  53|0x0000000764700000, 0x0000000764700000, 0x0000000764800000|  0%| F|  |TAMS 0x0000000764700000, 0x0000000764700000| Untracked 
|  54|0x0000000764800000, 0x0000000764800000, 0x0000000764900000|  0%| F|  |TAMS 0x0000000764800000, 0x0000000764800000| Untracked 
|  55|0x0000000764900000, 0x0000000764900000, 0x0000000764a00000|  0%| F|  |TAMS 0x0000000764900000, 0x0000000764900000| Untracked 
|  56|0x0000000764a00000, 0x0000000764a00000, 0x0000000764b00000|  0%| F|  |TAMS 0x0000000764a00000, 0x0000000764a00000| Untracked 
|  57|0x0000000764b00000, 0x0000000764b00000, 0x0000000764c00000|  0%| F|  |TAMS 0x0000000764b00000, 0x0000000764b00000| Untracked 
|  58|0x0000000764c00000, 0x0000000764c00000, 0x0000000764d00000|  0%| F|  |TAMS 0x0000000764c00000, 0x0000000764c00000| Untracked 
|  59|0x0000000764d00000, 0x0000000764d00000, 0x0000000764e00000|  0%| F|  |TAMS 0x0000000764d00000, 0x0000000764d00000| Untracked 
|  60|0x0000000764e00000, 0x0000000764e00000, 0x0000000764f00000|  0%| F|  |TAMS 0x0000000764e00000, 0x0000000764e00000| Untracked 
|  61|0x0000000764f00000, 0x0000000764f00000, 0x0000000765000000|  0%| F|  |TAMS 0x0000000764f00000, 0x0000000764f00000| Untracked 
|  62|0x0000000765000000, 0x0000000765000000, 0x0000000765100000|  0%| F|  |TAMS 0x0000000765000000, 0x0000000765000000| Untracked 
|  63|0x0000000765100000, 0x0000000765100000, 0x0000000765200000|  0%| F|  |TAMS 0x0000000765100000, 0x0000000765100000| Untracked 
|  64|0x0000000765200000, 0x0000000765200000, 0x0000000765300000|  0%| F|  |TAMS 0x0000000765200000, 0x0000000765200000| Untracked 
|  65|0x0000000765300000, 0x0000000765300000, 0x0000000765400000|  0%| F|  |TAMS 0x0000000765300000, 0x0000000765300000| Untracked 
|  66|0x0000000765400000, 0x0000000765400000, 0x0000000765500000|  0%| F|  |TAMS 0x0000000765400000, 0x0000000765400000| Untracked 
|  67|0x0000000765500000, 0x0000000765500000, 0x0000000765600000|  0%| F|  |TAMS 0x0000000765500000, 0x0000000765500000| Untracked 
|  68|0x0000000765600000, 0x0000000765600000, 0x0000000765700000|  0%| F|  |TAMS 0x0000000765600000, 0x0000000765600000| Untracked 
|  69|0x0000000765700000, 0x0000000765700000, 0x0000000765800000|  0%| F|  |TAMS 0x0000000765700000, 0x0000000765700000| Untracked 
|  70|0x0000000765800000, 0x0000000765800000, 0x0000000765900000|  0%| F|  |TAMS 0x0000000765800000, 0x0000000765800000| Untracked 
|  71|0x0000000765900000, 0x0000000765900000, 0x0000000765a00000|  0%| F|  |TAMS 0x0000000765900000, 0x0000000765900000| Untracked 
|  72|0x0000000765a00000, 0x0000000765a00000, 0x0000000765b00000|  0%| F|  |TAMS 0x0000000765a00000, 0x0000000765a00000| Untracked 
|  73|0x0000000765b00000, 0x0000000765b00000, 0x0000000765c00000|  0%| F|  |TAMS 0x0000000765b00000, 0x0000000765b00000| Untracked 
|  74|0x0000000765c00000, 0x0000000765c00000, 0x0000000765d00000|  0%| F|  |TAMS 0x0000000765c00000, 0x0000000765c00000| Untracked 
|  75|0x0000000765d00000, 0x0000000765d00000, 0x0000000765e00000|  0%| F|  |TAMS 0x0000000765d00000, 0x0000000765d00000| Untracked 
|  76|0x0000000765e00000, 0x0000000765e00000, 0x0000000765f00000|  0%| F|  |TAMS 0x0000000765e00000, 0x0000000765e00000| Untracked 
|  77|0x0000000765f00000, 0x0000000765f00000, 0x0000000766000000|  0%| F|  |TAMS 0x0000000765f00000, 0x0000000765f00000| Untracked 
|  78|0x0000000766000000, 0x0000000766000000, 0x0000000766100000|  0%| F|  |TAMS 0x0000000766000000, 0x0000000766000000| Untracked 
|  79|0x0000000766100000, 0x0000000766100000, 0x0000000766200000|  0%| F|  |TAMS 0x0000000766100000, 0x0000000766100000| Untracked 
|  80|0x0000000766200000, 0x0000000766200000, 0x0000000766300000|  0%| F|  |TAMS 0x0000000766200000, 0x0000000766200000| Untracked 
|  81|0x0000000766300000, 0x0000000766300000, 0x0000000766400000|  0%| F|  |TAMS 0x0000000766300000, 0x0000000766300000| Untracked 
|  82|0x0000000766400000, 0x0000000766400000, 0x0000000766500000|  0%| F|  |TAMS 0x0000000766400000, 0x0000000766400000| Untracked 
|  83|0x0000000766500000, 0x0000000766500000, 0x0000000766600000|  0%| F|  |TAMS 0x0000000766500000, 0x0000000766500000| Untracked 
|  84|0x0000000766600000, 0x0000000766600000, 0x0000000766700000|  0%| F|  |TAMS 0x0000000766600000, 0x0000000766600000| Untracked 
|  85|0x0000000766700000, 0x0000000766700000, 0x0000000766800000|  0%| F|  |TAMS 0x0000000766700000, 0x0000000766700000| Untracked 
|  86|0x0000000766800000, 0x0000000766800000, 0x0000000766900000|  0%| F|  |TAMS 0x0000000766800000, 0x0000000766800000| Untracked 
|  87|0x0000000766900000, 0x0000000766900000, 0x0000000766a00000|  0%| F|  |TAMS 0x0000000766900000, 0x0000000766900000| Untracked 
|  88|0x0000000766a00000, 0x0000000766a00000, 0x0000000766b00000|  0%| F|  |TAMS 0x0000000766a00000, 0x0000000766a00000| Untracked 
|  89|0x0000000766b00000, 0x0000000766b00000, 0x0000000766c00000|  0%| F|  |TAMS 0x0000000766b00000, 0x0000000766b00000| Untracked 
|  90|0x0000000766c00000, 0x0000000766c00000, 0x0000000766d00000|  0%| F|  |TAMS 0x0000000766c00000, 0x0000000766c00000| Untracked 
|  91|0x0000000766d00000, 0x0000000766d00000, 0x0000000766e00000|  0%| F|  |TAMS 0x0000000766d00000, 0x0000000766d00000| Untracked 
|  92|0x0000000766e00000, 0x0000000766e00000, 0x0000000766f00000|  0%| F|  |TAMS 0x0000000766e00000, 0x0000000766e00000| Untracked 
|  93|0x0000000766f00000, 0x0000000766f00000, 0x0000000767000000|  0%| F|  |TAMS 0x0000000766f00000, 0x0000000766f00000| Untracked 
|  94|0x0000000767000000, 0x0000000767000000, 0x0000000767100000|  0%| F|  |TAMS 0x0000000767000000, 0x0000000767000000| Untracked 
|  95|0x0000000767100000, 0x0000000767100000, 0x0000000767200000|  0%| F|  |TAMS 0x0000000767100000, 0x0000000767100000| Untracked 
|  96|0x0000000767200000, 0x00000007672eddf0, 0x0000000767300000| 92%| S|CS|TAMS 0x0000000767200000, 0x0000000767200000| Complete 
|  97|0x0000000767300000, 0x0000000767400000, 0x0000000767400000|100%| S|CS|TAMS 0x0000000767300000, 0x0000000767300000| Complete 
|  98|0x0000000767400000, 0x0000000767500000, 0x0000000767500000|100%| S|CS|TAMS 0x0000000767400000, 0x0000000767400000| Complete 
|  99|0x0000000767500000, 0x0000000767600000, 0x0000000767600000|100%| S|CS|TAMS 0x0000000767500000, 0x0000000767500000| Complete 
| 100|0x0000000767600000, 0x0000000767700000, 0x0000000767700000|100%| S|CS|TAMS 0x0000000767600000, 0x0000000767600000| Complete 
| 101|0x0000000767700000, 0x0000000767800000, 0x0000000767800000|100%| S|CS|TAMS 0x0000000767700000, 0x0000000767700000| Complete 
| 102|0x0000000767800000, 0x0000000767900000, 0x0000000767900000|100%| S|CS|TAMS 0x0000000767800000, 0x0000000767800000| Complete 
| 103|0x0000000767900000, 0x0000000767a00000, 0x0000000767a00000|100%| S|CS|TAMS 0x0000000767900000, 0x0000000767900000| Complete 
| 104|0x0000000767a00000, 0x0000000767b00000, 0x0000000767b00000|100%| S|CS|TAMS 0x0000000767a00000, 0x0000000767a00000| Complete 
| 105|0x0000000767b00000, 0x0000000767b00000, 0x0000000767c00000|  0%| F|  |TAMS 0x0000000767b00000, 0x0000000767b00000| Untracked 
| 106|0x0000000767c00000, 0x0000000767c00000, 0x0000000767d00000|  0%| F|  |TAMS 0x0000000767c00000, 0x0000000767c00000| Untracked 
| 107|0x0000000767d00000, 0x0000000767d00000, 0x0000000767e00000|  0%| F|  |TAMS 0x0000000767d00000, 0x0000000767d00000| Untracked 
| 108|0x0000000767e00000, 0x0000000767e00000, 0x0000000767f00000|  0%| F|  |TAMS 0x0000000767e00000, 0x0000000767e00000| Untracked 
| 109|0x0000000767f00000, 0x0000000767f00000, 0x0000000768000000|  0%| F|  |TAMS 0x0000000767f00000, 0x0000000767f00000| Untracked 
| 110|0x0000000768000000, 0x0000000768000000, 0x0000000768100000|  0%| F|  |TAMS 0x0000000768000000, 0x0000000768000000| Untracked 
| 111|0x0000000768100000, 0x0000000768100000, 0x0000000768200000|  0%| F|  |TAMS 0x0000000768100000, 0x0000000768100000| Untracked 
| 112|0x0000000768200000, 0x0000000768200000, 0x0000000768300000|  0%| F|  |TAMS 0x0000000768200000, 0x0000000768200000| Untracked 
| 113|0x0000000768300000, 0x0000000768300000, 0x0000000768400000|  0%| F|  |TAMS 0x0000000768300000, 0x0000000768300000| Untracked 
| 114|0x0000000768400000, 0x0000000768400000, 0x0000000768500000|  0%| F|  |TAMS 0x0000000768400000, 0x0000000768400000| Untracked 
| 115|0x0000000768500000, 0x0000000768500000, 0x0000000768600000|  0%| F|  |TAMS 0x0000000768500000, 0x0000000768500000| Untracked 
| 116|0x0000000768600000, 0x0000000768600000, 0x0000000768700000|  0%| F|  |TAMS 0x0000000768600000, 0x0000000768600000| Untracked 
| 117|0x0000000768700000, 0x0000000768700000, 0x0000000768800000|  0%| F|  |TAMS 0x0000000768700000, 0x0000000768700000| Untracked 
| 118|0x0000000768800000, 0x0000000768800000, 0x0000000768900000|  0%| F|  |TAMS 0x0000000768800000, 0x0000000768800000| Untracked 
| 119|0x0000000768900000, 0x0000000768900000, 0x0000000768a00000|  0%| F|  |TAMS 0x0000000768900000, 0x0000000768900000| Untracked 
| 120|0x0000000768a00000, 0x0000000768a00000, 0x0000000768b00000|  0%| F|  |TAMS 0x0000000768a00000, 0x0000000768a00000| Untracked 
| 121|0x0000000768b00000, 0x0000000768b00000, 0x0000000768c00000|  0%| F|  |TAMS 0x0000000768b00000, 0x0000000768b00000| Untracked 
| 122|0x0000000768c00000, 0x0000000768c00000, 0x0000000768d00000|  0%| F|  |TAMS 0x0000000768c00000, 0x0000000768c00000| Untracked 
| 123|0x0000000768d00000, 0x0000000768d00000, 0x0000000768e00000|  0%| F|  |TAMS 0x0000000768d00000, 0x0000000768d00000| Untracked 
| 124|0x0000000768e00000, 0x0000000768e00000, 0x0000000768f00000|  0%| F|  |TAMS 0x0000000768e00000, 0x0000000768e00000| Untracked 
| 125|0x0000000768f00000, 0x0000000768f00000, 0x0000000769000000|  0%| F|  |TAMS 0x0000000768f00000, 0x0000000768f00000| Untracked 
| 126|0x0000000769000000, 0x0000000769000000, 0x0000000769100000|  0%| F|  |TAMS 0x0000000769000000, 0x0000000769000000| Untracked 
| 127|0x0000000769100000, 0x0000000769100000, 0x0000000769200000|  0%| F|  |TAMS 0x0000000769100000, 0x0000000769100000| Untracked 
| 128|0x0000000769200000, 0x0000000769200000, 0x0000000769300000|  0%| F|  |TAMS 0x0000000769200000, 0x0000000769200000| Untracked 
| 129|0x0000000769300000, 0x0000000769300000, 0x0000000769400000|  0%| F|  |TAMS 0x0000000769300000, 0x0000000769300000| Untracked 
| 130|0x0000000769400000, 0x0000000769400000, 0x0000000769500000|  0%| F|  |TAMS 0x0000000769400000, 0x0000000769400000| Untracked 
| 131|0x0000000769500000, 0x0000000769500000, 0x0000000769600000|  0%| F|  |TAMS 0x0000000769500000, 0x0000000769500000| Untracked 
| 132|0x0000000769600000, 0x0000000769600000, 0x0000000769700000|  0%| F|  |TAMS 0x0000000769600000, 0x0000000769600000| Untracked 
| 133|0x0000000769700000, 0x0000000769700000, 0x0000000769800000|  0%| F|  |TAMS 0x0000000769700000, 0x0000000769700000| Untracked 
| 134|0x0000000769800000, 0x0000000769800000, 0x0000000769900000|  0%| F|  |TAMS 0x0000000769800000, 0x0000000769800000| Untracked 
| 135|0x0000000769900000, 0x0000000769900000, 0x0000000769a00000|  0%| F|  |TAMS 0x0000000769900000, 0x0000000769900000| Untracked 
| 136|0x0000000769a00000, 0x0000000769a00000, 0x0000000769b00000|  0%| F|  |TAMS 0x0000000769a00000, 0x0000000769a00000| Untracked 
| 137|0x0000000769b00000, 0x0000000769b00000, 0x0000000769c00000|  0%| F|  |TAMS 0x0000000769b00000, 0x0000000769b00000| Untracked 
| 138|0x0000000769c00000, 0x0000000769c00000, 0x0000000769d00000|  0%| F|  |TAMS 0x0000000769c00000, 0x0000000769c00000| Untracked 
| 139|0x0000000769d00000, 0x0000000769d00000, 0x0000000769e00000|  0%| F|  |TAMS 0x0000000769d00000, 0x0000000769d00000| Untracked 
| 140|0x0000000769e00000, 0x0000000769e00000, 0x0000000769f00000|  0%| F|  |TAMS 0x0000000769e00000, 0x0000000769e00000| Untracked 
| 141|0x0000000769f00000, 0x0000000769f00000, 0x000000076a000000|  0%| F|  |TAMS 0x0000000769f00000, 0x0000000769f00000| Untracked 
| 142|0x000000076a000000, 0x000000076a000000, 0x000000076a100000|  0%| F|  |TAMS 0x000000076a000000, 0x000000076a000000| Untracked 
| 143|0x000000076a100000, 0x000000076a100000, 0x000000076a200000|  0%| F|  |TAMS 0x000000076a100000, 0x000000076a100000| Untracked 
| 144|0x000000076a200000, 0x000000076a200000, 0x000000076a300000|  0%| F|  |TAMS 0x000000076a200000, 0x000000076a200000| Untracked 
| 145|0x000000076a300000, 0x000000076a300000, 0x000000076a400000|  0%| F|  |TAMS 0x000000076a300000, 0x000000076a300000| Untracked 
| 146|0x000000076a400000, 0x000000076a400000, 0x000000076a500000|  0%| F|  |TAMS 0x000000076a400000, 0x000000076a400000| Untracked 
| 147|0x000000076a500000, 0x000000076a500000, 0x000000076a600000|  0%| F|  |TAMS 0x000000076a500000, 0x000000076a500000| Untracked 
| 148|0x000000076a600000, 0x000000076a600000, 0x000000076a700000|  0%| F|  |TAMS 0x000000076a600000, 0x000000076a600000| Untracked 
| 149|0x000000076a700000, 0x000000076a700000, 0x000000076a800000|  0%| F|  |TAMS 0x000000076a700000, 0x000000076a700000| Untracked 
| 150|0x000000076a800000, 0x000000076a800000, 0x000000076a900000|  0%| F|  |TAMS 0x000000076a800000, 0x000000076a800000| Untracked 
| 151|0x000000076a900000, 0x000000076a900000, 0x000000076aa00000|  0%| F|  |TAMS 0x000000076a900000, 0x000000076a900000| Untracked 
| 152|0x000000076aa00000, 0x000000076aa00000, 0x000000076ab00000|  0%| F|  |TAMS 0x000000076aa00000, 0x000000076aa00000| Untracked 
| 153|0x000000076ab00000, 0x000000076ab00000, 0x000000076ac00000|  0%| F|  |TAMS 0x000000076ab00000, 0x000000076ab00000| Untracked 
| 154|0x000000076ac00000, 0x000000076ac00000, 0x000000076ad00000|  0%| F|  |TAMS 0x000000076ac00000, 0x000000076ac00000| Untracked 
| 155|0x000000076ad00000, 0x000000076ad00000, 0x000000076ae00000|  0%| F|  |TAMS 0x000000076ad00000, 0x000000076ad00000| Untracked 
| 156|0x000000076ae00000, 0x000000076ae00000, 0x000000076af00000|  0%| F|  |TAMS 0x000000076ae00000, 0x000000076ae00000| Untracked 
| 157|0x000000076af00000, 0x000000076af00000, 0x000000076b000000|  0%| F|  |TAMS 0x000000076af00000, 0x000000076af00000| Untracked 
| 158|0x000000076b000000, 0x000000076b000000, 0x000000076b100000|  0%| F|  |TAMS 0x000000076b000000, 0x000000076b000000| Untracked 
| 159|0x000000076b100000, 0x000000076b100000, 0x000000076b200000|  0%| F|  |TAMS 0x000000076b100000, 0x000000076b100000| Untracked 
| 160|0x000000076b200000, 0x000000076b200000, 0x000000076b300000|  0%| F|  |TAMS 0x000000076b200000, 0x000000076b200000| Untracked 
| 161|0x000000076b300000, 0x000000076b300000, 0x000000076b400000|  0%| F|  |TAMS 0x000000076b300000, 0x000000076b300000| Untracked 
| 162|0x000000076b400000, 0x000000076b400000, 0x000000076b500000|  0%| F|  |TAMS 0x000000076b400000, 0x000000076b400000| Untracked 
| 163|0x000000076b500000, 0x000000076b500000, 0x000000076b600000|  0%| F|  |TAMS 0x000000076b500000, 0x000000076b500000| Untracked 
| 164|0x000000076b600000, 0x000000076b600000, 0x000000076b700000|  0%| F|  |TAMS 0x000000076b600000, 0x000000076b600000| Untracked 
| 165|0x000000076b700000, 0x000000076b700000, 0x000000076b800000|  0%| F|  |TAMS 0x000000076b700000, 0x000000076b700000| Untracked 
| 166|0x000000076b800000, 0x000000076b800000, 0x000000076b900000|  0%| F|  |TAMS 0x000000076b800000, 0x000000076b800000| Untracked 
| 167|0x000000076b900000, 0x000000076b900000, 0x000000076ba00000|  0%| F|  |TAMS 0x000000076b900000, 0x000000076b900000| Untracked 
| 168|0x000000076ba00000, 0x000000076ba00000, 0x000000076bb00000|  0%| F|  |TAMS 0x000000076ba00000, 0x000000076ba00000| Untracked 
| 169|0x000000076bb00000, 0x000000076bb00000, 0x000000076bc00000|  0%| F|  |TAMS 0x000000076bb00000, 0x000000076bb00000| Untracked 
| 170|0x000000076bc00000, 0x000000076bc00000, 0x000000076bd00000|  0%| F|  |TAMS 0x000000076bc00000, 0x000000076bc00000| Untracked 
| 171|0x000000076bd00000, 0x000000076bd00000, 0x000000076be00000|  0%| F|  |TAMS 0x000000076bd00000, 0x000000076bd00000| Untracked 
| 172|0x000000076be00000, 0x000000076be00000, 0x000000076bf00000|  0%| F|  |TAMS 0x000000076be00000, 0x000000076be00000| Untracked 
| 173|0x000000076bf00000, 0x000000076bf00000, 0x000000076c000000|  0%| F|  |TAMS 0x000000076bf00000, 0x000000076bf00000| Untracked 
| 174|0x000000076c000000, 0x000000076c000000, 0x000000076c100000|  0%| F|  |TAMS 0x000000076c000000, 0x000000076c000000| Untracked 
| 175|0x000000076c100000, 0x000000076c100000, 0x000000076c200000|  0%| F|  |TAMS 0x000000076c100000, 0x000000076c100000| Untracked 
| 176|0x000000076c200000, 0x000000076c200000, 0x000000076c300000|  0%| F|  |TAMS 0x000000076c200000, 0x000000076c200000| Untracked 
| 177|0x000000076c300000, 0x000000076c300000, 0x000000076c400000|  0%| F|  |TAMS 0x000000076c300000, 0x000000076c300000| Untracked 
| 178|0x000000076c400000, 0x000000076c400000, 0x000000076c500000|  0%| F|  |TAMS 0x000000076c400000, 0x000000076c400000| Untracked 
| 179|0x000000076c500000, 0x000000076c500000, 0x000000076c600000|  0%| F|  |TAMS 0x000000076c500000, 0x000000076c500000| Untracked 
| 180|0x000000076c600000, 0x000000076c600000, 0x000000076c700000|  0%| F|  |TAMS 0x000000076c600000, 0x000000076c600000| Untracked 
| 181|0x000000076c700000, 0x000000076c700000, 0x000000076c800000|  0%| F|  |TAMS 0x000000076c700000, 0x000000076c700000| Untracked 
| 182|0x000000076c800000, 0x000000076c800000, 0x000000076c900000|  0%| F|  |TAMS 0x000000076c800000, 0x000000076c800000| Untracked 
| 183|0x000000076c900000, 0x000000076c900000, 0x000000076ca00000|  0%| F|  |TAMS 0x000000076c900000, 0x000000076c900000| Untracked 
| 184|0x000000076ca00000, 0x000000076ca00000, 0x000000076cb00000|  0%| F|  |TAMS 0x000000076ca00000, 0x000000076ca00000| Untracked 
| 185|0x000000076cb00000, 0x000000076cb00000, 0x000000076cc00000|  0%| F|  |TAMS 0x000000076cb00000, 0x000000076cb00000| Untracked 
| 186|0x000000076cc00000, 0x000000076cc00000, 0x000000076cd00000|  0%| F|  |TAMS 0x000000076cc00000, 0x000000076cc00000| Untracked 
| 187|0x000000076cd00000, 0x000000076cd00000, 0x000000076ce00000|  0%| F|  |TAMS 0x000000076cd00000, 0x000000076cd00000| Untracked 
| 188|0x000000076ce00000, 0x000000076ce00000, 0x000000076cf00000|  0%| F|  |TAMS 0x000000076ce00000, 0x000000076ce00000| Untracked 
| 189|0x000000076cf00000, 0x000000076cf00000, 0x000000076d000000|  0%| F|  |TAMS 0x000000076cf00000, 0x000000076cf00000| Untracked 
| 190|0x000000076d000000, 0x000000076d080800, 0x000000076d100000| 50%| E|  |TAMS 0x000000076d000000, 0x000000076d000000| Complete 
| 191|0x000000076d100000, 0x000000076d200000, 0x000000076d200000|100%| E|CS|TAMS 0x000000076d100000, 0x000000076d100000| Complete 

Card table byte_map: [0x000002b530f60000,0x000002b531460000] _byte_map_base: 0x000002b52d457000

Marking Bits (Prev, Next): (CMBitMap*) 0x000002b51c1870f0, (CMBitMap*) 0x000002b51c1870b8
 Prev Bits: [0x000002b534120000, 0x000002b5368d8000)
 Next Bits: [0x000002b531960000, 0x000002b534118000)

Polling page: 0x000002b521400000

Metaspace:

Usage:
  Non-class:     58.37 MB capacity,    58.00 MB (>99%) used,   287.59 KB ( <1%) free+waste,    97.44 KB ( <1%) overhead. 
      Class:      7.30 MB capacity,     7.06 MB ( 97%) used,   211.34 KB (  3%) free+waste,    39.38 KB ( <1%) overhead. 
       Both:     65.67 MB capacity,    65.05 MB (>99%) used,   498.93 KB ( <1%) free+waste,   136.81 KB ( <1%) overhead. 

Virtual space:
  Non-class space:       60.00 MB reserved,      58.50 MB ( 98%) committed 
      Class space:        1.00 GB reserved,       7.38 MB ( <1%) committed 
             Both:        1.06 GB reserved,      65.88 MB (  6%) committed 

Chunk freelists:
   Non-Class:  3.00 KB
       Class:  11.00 KB
        Both:  14.00 KB

MaxMetaspaceSize: 17179869184.00 GB
CompressedClassSpaceSize: 1.00 GB
Initial GC threshold: 20.80 MB
Current GC threshold: 77.29 MB
CDS: off

CodeHeap 'non-profiled nmethods': size=120064Kb used=5078Kb max_used=5078Kb free=114985Kb
 bounds [0x000002b528ee0000, 0x000002b5293e0000, 0x000002b530420000]
CodeHeap 'profiled nmethods': size=120000Kb used=28397Kb max_used=28397Kb free=91602Kb
 bounds [0x000002b5219b0000, 0x000002b523570000, 0x000002b528ee0000]
CodeHeap 'non-nmethods': size=5696Kb used=1347Kb max_used=1393Kb free=4348Kb
 bounds [0x000002b521420000, 0x000002b521690000, 0x000002b5219b0000]
 total_blobs=10318 nmethods=9677 adapters=549
 compilation: enabled
              stopped_count=0, restarted_count=0
 full_count=0

Compilation events (20 events):
Event: 19.950 Thread 0x000002b5397f7800 9676       3       org.jetbrains.kotlin.ir.declarations.impl.IrConstructorImpl::setReturnType (12 bytes)
Event: 19.951 Thread 0x000002b5397f7800 nmethod 9676 0x000002b523556e10 code [0x000002b523557040, 0x000002b523557658]
Event: 19.952 Thread 0x000002b5397f7800 9677       1       org.jetbrains.kotlin.ir.declarations.impl.IrPropertyCommonImpl::setMetadata (6 bytes)
Event: 19.952 Thread 0x000002b5397f7800 nmethod 9677 0x000002b5293d3a90 code [0x000002b5293d3c40, 0x000002b5293d3d58]
Event: 19.952 Thread 0x000002b5397f7800 9678       3       org.jetbrains.kotlin.ir.util.PatchDeclarationParentsVisitor::visitConstructor (13 bytes)
Event: 19.953 Thread 0x000002b5397f7800 nmethod 9678 0x000002b523557890 code [0x000002b523557b80, 0x000002b523558928]
Event: 19.954 Thread 0x000002b5397f7800 9679       1       org.jetbrains.kotlin.ir.expressions.impl.IrGetFieldImpl::getStartOffset (5 bytes)
Event: 19.954 Thread 0x000002b5397f7800 nmethod 9679 0x000002b5293d3e10 code [0x000002b5293d3fc0, 0x000002b5293d4078]
Event: 19.954 Thread 0x000002b5397f7800 9680       1       org.jetbrains.kotlin.ir.expressions.impl.IrGetFieldImpl::getEndOffset (5 bytes)
Event: 19.954 Thread 0x000002b5397f7800 nmethod 9680 0x000002b5293d4110 code [0x000002b5293d42c0, 0x000002b5293d4378]
Event: 19.956 Thread 0x000002b5397f7800 9681       3       org.jetbrains.kotlin.ir.declarations.impl.IrFactoryImpl::createProperty (72 bytes)
Event: 19.958 Thread 0x000002b5397f7800 nmethod 9681 0x000002b523558e10 code [0x000002b523559220, 0x000002b52355ac08]
Event: 19.958 Thread 0x000002b5397f7800 9682       3       org.jetbrains.kotlin.ir.declarations.impl.IrPropertyCommonImpl::<init> (116 bytes)
Event: 19.960 Thread 0x000002b5397f7800 nmethod 9682 0x000002b52355b610 code [0x000002b52355b980, 0x000002b52355ce78]
Event: 19.960 Thread 0x000002b5397f7800 9683       3       org.jetbrains.kotlin.ir.util.DeepCopySymbolRemapper::getDeclaredConstructor (26 bytes)
Event: 19.960 Thread 0x000002b5397f7800 nmethod 9683 0x000002b52355d590 code [0x000002b52355d7e0, 0x000002b52355e008]
Event: 19.961 Thread 0x000002b5397f7800 9684       1       org.jetbrains.kotlin.ir.expressions.impl.IrIfThenElseImpl::getStartOffset (5 bytes)
Event: 19.962 Thread 0x000002b5397f7800 nmethod 9684 0x000002b5293d4410 code [0x000002b5293d45c0, 0x000002b5293d4678]
Event: 19.978 Thread 0x000002b5397f7800 9685       1       org.jetbrains.kotlin.ir.expressions.impl.IrIfThenElseImpl::getEndOffset (5 bytes)
Event: 19.978 Thread 0x000002b5397f7800 nmethod 9685 0x000002b5293d4710 code [0x000002b5293d48c0, 0x000002b5293d4978]

GC Heap History (16 events):
Event: 0.492 GC heap before
{Heap before GC invocations=0 (full 0):
 garbage-first heap   total 163840K, used 17408K [0x0000000761200000, 0x0000000800000000)
  region size 1024K, 14 young (14336K), 0 survivors (0K)
 Metaspace       used 9811K, capacity 9906K, committed 10112K, reserved 1058816K
  class space    used 828K, capacity 853K, committed 896K, reserved 1048576K
}
Event: 0.495 GC heap after
{Heap after GC invocations=1 (full 0):
 garbage-first heap   total 163840K, used 5202K [0x0000000761200000, 0x0000000800000000)
  region size 1024K, 2 young (2048K), 2 survivors (2048K)
 Metaspace       used 9811K, capacity 9906K, committed 10112K, reserved 1058816K
  class space    used 828K, capacity 853K, committed 896K, reserved 1048576K
}
Event: 1.556 GC heap before
{Heap before GC invocations=1 (full 0):
 garbage-first heap   total 163840K, used 50258K [0x0000000761200000, 0x0000000800000000)
  region size 1024K, 47 young (48128K), 2 survivors (2048K)
 Metaspace       used 20834K, capacity 21081K, committed 21248K, reserved 1069056K
  class space    used 2193K, capacity 2286K, committed 2304K, reserved 1048576K
}
Event: 1.568 GC heap after
{Heap after GC invocations=2 (full 0):
 garbage-first heap   total 163840K, used 9114K [0x0000000761200000, 0x0000000800000000)
  region size 1024K, 6 young (6144K), 6 survivors (6144K)
 Metaspace       used 20834K, capacity 21081K, committed 21248K, reserved 1069056K
  class space    used 2193K, capacity 2286K, committed 2304K, reserved 1048576K
}
Event: 3.369 GC heap before
{Heap before GC invocations=3 (full 0):
 garbage-first heap   total 163840K, used 62362K [0x0000000761200000, 0x0000000800000000)
  region size 1024K, 53 young (54272K), 6 survivors (6144K)
 Metaspace       used 31793K, capacity 32338K, committed 32640K, reserved 1077248K
  class space    used 3946K, capacity 4159K, committed 4224K, reserved 1048576K
}
Event: 3.391 GC heap after
{Heap after GC invocations=4 (full 0):
 garbage-first heap   total 163840K, used 21036K [0x0000000761200000, 0x0000000800000000)
  region size 1024K, 7 young (7168K), 7 survivors (7168K)
 Metaspace       used 31793K, capacity 32338K, committed 32640K, reserved 1077248K
  class space    used 3946K, capacity 4159K, committed 4224K, reserved 1048576K
}
Event: 3.973 GC heap before
{Heap before GC invocations=4 (full 0):
 garbage-first heap   total 163840K, used 37420K [0x0000000761200000, 0x0000000800000000)
  region size 1024K, 24 young (24576K), 7 survivors (7168K)
 Metaspace       used 34906K, capacity 35422K, committed 35584K, reserved 1081344K
  class space    used 4275K, capacity 4483K, committed 4608K, reserved 1048576K
}
Event: 3.985 GC heap after
{Heap after GC invocations=5 (full 0):
 garbage-first heap   total 163840K, used 20392K [0x0000000761200000, 0x0000000800000000)
  region size 1024K, 2 young (2048K), 2 survivors (2048K)
 Metaspace       used 34906K, capacity 35422K, committed 35584K, reserved 1081344K
  class space    used 4275K, capacity 4483K, committed 4608K, reserved 1048576K
}
Event: 6.611 GC heap before
{Heap before GC invocations=6 (full 0):
 garbage-first heap   total 163840K, used 74664K [0x0000000761200000, 0x0000000800000000)
  region size 1024K, 55 young (56320K), 2 survivors (2048K)
 Metaspace       used 46670K, capacity 47291K, committed 47488K, reserved 1091584K
  class space    used 5465K, capacity 5722K, committed 5760K, reserved 1048576K
}
Event: 6.634 GC heap after
{Heap after GC invocations=7 (full 0):
 garbage-first heap   total 196608K, used 24831K [0x0000000761200000, 0x0000000800000000)
  region size 1024K, 7 young (7168K), 7 survivors (7168K)
 Metaspace       used 46670K, capacity 47291K, committed 47488K, reserved 1091584K
  class space    used 5465K, capacity 5722K, committed 5760K, reserved 1048576K
}
Event: 9.311 GC heap before
{Heap before GC invocations=8 (full 0):
 garbage-first heap   total 196608K, used 93439K [0x0000000761200000, 0x0000000800000000)
  region size 1024K, 72 young (73728K), 7 survivors (7168K)
 Metaspace       used 52263K, capacity 52959K, committed 53120K, reserved 1095680K
  class space    used 5927K, capacity 6195K, committed 6272K, reserved 1048576K
}
Event: 9.364 GC heap after
{Heap after GC invocations=9 (full 0):
 garbage-first heap   total 196608K, used 35583K [0x0000000761200000, 0x0000000800000000)
  region size 1024K, 9 young (9216K), 9 survivors (9216K)
 Metaspace       used 52263K, capacity 52959K, committed 53120K, reserved 1095680K
  class space    used 5927K, capacity 6195K, committed 6272K, reserved 1048576K
}
Event: 13.739 GC heap before
{Heap before GC invocations=9 (full 0):
 garbage-first heap   total 196608K, used 130815K [0x0000000761200000, 0x0000000800000000)
  region size 1024K, 102 young (104448K), 9 survivors (9216K)
 Metaspace       used 58236K, capacity 58935K, committed 59264K, reserved 1101824K
  class space    used 6414K, capacity 6684K, committed 6784K, reserved 1048576K
}
Event: 13.770 GC heap after
{Heap after GC invocations=10 (full 0):
 garbage-first heap   total 196608K, used 46629K [0x0000000761200000, 0x0000000800000000)
  region size 1024K, 11 young (11264K), 11 survivors (11264K)
 Metaspace       used 58236K, capacity 58935K, committed 59264K, reserved 1101824K
  class space    used 6414K, capacity 6684K, committed 6784K, reserved 1048576K
}
Event: 19.870 GC heap before
{Heap before GC invocations=10 (full 0):
 garbage-first heap   total 196608K, used 135717K [0x0000000761200000, 0x0000000800000000)
  region size 1024K, 98 young (100352K), 11 survivors (11264K)
 Metaspace       used 66563K, capacity 67250K, committed 67456K, reserved 1110016K
  class space    used 7226K, capacity 7477K, committed 7552K, reserved 1048576K
}
Event: 19.905 GC heap after
{Heap after GC invocations=11 (full 0):
 garbage-first heap   total 196608K, used 55223K [0x0000000761200000, 0x0000000800000000)
  region size 1024K, 9 young (9216K), 9 survivors (9216K)
 Metaspace       used 66563K, capacity 67250K, committed 67456K, reserved 1110016K
  class space    used 7226K, capacity 7477K, committed 7552K, reserved 1048576K
}

Deoptimization events (20 events):
Event: 19.714 Thread 0x000002b51c13a800 Uncommon trap: trap_request=0xffffffc6 fr.pc=0x000002b5293701c4 relative=0x0000000000000944
Event: 19.714 Thread 0x000002b51c13a800 Uncommon trap: reason=bimorphic_or_optimized_type_check action=maybe_recompile pc=0x000002b5293701c4 method=org.jetbrains.kotlin.ir.declarations.IrFunction.acceptChildren(Lorg/jetbrains/kotlin/ir/visitors/IrElementVisitor;Ljava/lang/Object;)V @ 7 c2
Event: 19.714 Thread 0x000002b51c13a800 DEOPT PACKING pc=0x000002b5293701c4 sp=0x000000e9a79fd010
Event: 19.714 Thread 0x000002b51c13a800 DEOPT UNPACKING pc=0x000002b52146a1af sp=0x000000e9a79fcfc8 mode 2
Event: 19.715 Thread 0x000002b51c13a800 Uncommon trap: trap_request=0xffffffde fr.pc=0x000002b5293481f8 relative=0x0000000000002998
Event: 19.715 Thread 0x000002b51c13a800 Uncommon trap: reason=class_check action=maybe_recompile pc=0x000002b5293481f8 method=org.jetbrains.org.objectweb.asm.ClassReader.readElementValue(Lorg/jetbrains/org/objectweb/asm/AnnotationVisitor;ILjava/lang/String;[C)I @ 593 c2
Event: 19.715 Thread 0x000002b51c13a800 DEOPT PACKING pc=0x000002b5293481f8 sp=0x000000e9a79fbda0
Event: 19.715 Thread 0x000002b51c13a800 DEOPT UNPACKING pc=0x000002b52146a1af sp=0x000000e9a79fbd50 mode 2
Event: 19.716 Thread 0x000002b51c13a800 Uncommon trap: trap_request=0xffffffc6 fr.pc=0x000002b5293701c4 relative=0x0000000000000944
Event: 19.716 Thread 0x000002b51c13a800 Uncommon trap: reason=bimorphic_or_optimized_type_check action=maybe_recompile pc=0x000002b5293701c4 method=org.jetbrains.kotlin.ir.declarations.IrFunction.acceptChildren(Lorg/jetbrains/kotlin/ir/visitors/IrElementVisitor;Ljava/lang/Object;)V @ 7 c2
Event: 19.716 Thread 0x000002b51c13a800 DEOPT PACKING pc=0x000002b5293701c4 sp=0x000000e9a79fd010
Event: 19.716 Thread 0x000002b51c13a800 DEOPT UNPACKING pc=0x000002b52146a1af sp=0x000000e9a79fcfc8 mode 2
Event: 19.805 Thread 0x000002b51c13a800 Uncommon trap: trap_request=0xffffffde fr.pc=0x000002b5293bf814 relative=0x0000000000000914
Event: 19.805 Thread 0x000002b51c13a800 Uncommon trap: reason=class_check action=maybe_recompile pc=0x000002b5293bf814 method=org.jetbrains.kotlin.ir.declarations.IrFunction.acceptChildren(Lorg/jetbrains/kotlin/ir/visitors/IrElementVisitor;Ljava/lang/Object;)V @ 46 c2
Event: 19.805 Thread 0x000002b51c13a800 DEOPT PACKING pc=0x000002b5293bf814 sp=0x000000e9a79fbea0
Event: 19.805 Thread 0x000002b51c13a800 DEOPT UNPACKING pc=0x000002b52146a1af sp=0x000000e9a79fbe48 mode 2
Event: 19.824 Thread 0x000002b51c13a800 Uncommon trap: trap_request=0xffffffde fr.pc=0x000002b5293bf814 relative=0x0000000000000914
Event: 19.824 Thread 0x000002b51c13a800 Uncommon trap: reason=class_check action=maybe_recompile pc=0x000002b5293bf814 method=org.jetbrains.kotlin.ir.declarations.IrFunction.acceptChildren(Lorg/jetbrains/kotlin/ir/visitors/IrElementVisitor;Ljava/lang/Object;)V @ 46 c2
Event: 19.824 Thread 0x000002b51c13a800 DEOPT PACKING pc=0x000002b5293bf814 sp=0x000000e9a79fb5f0
Event: 19.824 Thread 0x000002b51c13a800 DEOPT UNPACKING pc=0x000002b52146a1af sp=0x000000e9a79fb598 mode 2

Classes redefined (0 events):
No events

Internal exceptions (20 events):
Event: 2.273 Thread 0x000002b51c13a800 Exception <a 'sun/nio/fs/WindowsException'{0x000000076a221300}> (0x000000076a221300) thrown at [./src/hotspot/share/prims/jni.cpp, line 616]
Event: 2.276 Thread 0x000002b51c13a800 Exception <a 'java/lang/NoSuchMethodError'{0x000000076a227b10}: 'void java.lang.invoke.DirectMethodHandle$Holder.invokeStatic(java.lang.Object, java.lang.Object, java.lang.Object, java.lang.Object)'> (0x000000076a227b10) thrown at [./src/hotspot/share/interpreter/linkResolver.cpp, line 773]
Event: 2.376 Thread 0x000002b51c13a800 Exception <a 'java/lang/NoSuchMethodError'{0x0000000769e026d8}: 'void java.lang.invoke.DirectMethodHandle$Holder.invokeStaticInit(java.lang.Object, java.lang.Object)'> (0x0000000769e026d8) thrown at [./src/hotspot/share/interpreter/linkResolver.cpp, line 773]
Event: 2.549 Thread 0x000002b51c13a800 Exception <a 'java/lang/NoSuchMethodError'{0x0000000769ac4d80}: 'void java.lang.invoke.DirectMethodHandle$Holder.invokeVirtual(java.lang.Object, java.lang.Object)'> (0x0000000769ac4d80) thrown at [./src/hotspot/share/interpreter/linkResolver.cpp, line 773]
Event: 2.567 Thread 0x000002b51c13a800 Exception <a 'java/lang/NoSuchMethodError'{0x00000007699429b8}: 'int java.lang.invoke.DirectMethodHandle$Holder.invokeVirtual(java.lang.Object, java.lang.Object)'> (0x00000007699429b8) thrown at [./src/hotspot/share/interpreter/linkResolver.cpp, line 773]
Event: 3.809 Thread 0x000002b51c13a800 Exception <a 'java/lang/NoSuchMethodError'{0x000000076a69ded0}: 'java.lang.Object java.lang.invoke.DirectMethodHandle$Holder.invokeVirtual(java.lang.Object, java.lang.Object, java.lang.Object)'> (0x000000076a69ded0) thrown at [./src/hotspot/share/interpreter/linkResolver.cpp, line 773]
Event: 5.042 Thread 0x000002b51c13a800 Exception <a 'java/lang/NoSuchMethodError'{0x0000000768cc8180}: 'java.lang.Object java.lang.invoke.Invokers$Holder.linkToTargetMethod(java.lang.Object, int, java.lang.Object)'> (0x0000000768cc8180) thrown at [./src/hotspot/share/interpreter/linkResolver.cpp, line 773]
Event: 5.378 Thread 0x000002b51c13a800 Implicit null exception at 0x000002b52901a14c to 0x000002b52901a234
Event: 5.476 Thread 0x000002b51c13a800 Exception <a 'java/lang/NoSuchMethodError'{0x00000007688728f0}: 'java.lang.Object java.lang.invoke.DirectMethodHandle$Holder.invokeStatic(java.lang.Object, java.lang.Object, java.lang.Object, int)'> (0x00000007688728f0) thrown at [./src/hotspot/share/interpreter/linkResolver.cpp, line 773]
Event: 5.477 Thread 0x000002b51c13a800 Exception <a 'java/lang/NoSuchMethodError'{0x0000000768876560}: 'java.lang.Object java.lang.invoke.DirectMethodHandle$Holder.invokeSpecial(java.lang.Object, java.lang.Object, java.lang.Object, java.lang.Object, int)'> (0x0000000768876560) thrown at [./src/hotspot/share/interpreter/linkResolver.cpp, line 773]
Event: 5.478 Thread 0x000002b51c13a800 Exception <a 'java/lang/NoSuchMethodError'{0x0000000768879870}: 'java.lang.Object java.lang.invoke.Invokers$Holder.linkToTargetMethod(java.lang.Object, java.lang.Object, int, java.lang.Object)'> (0x0000000768879870) thrown at [./src/hotspot/share/interpreter/linkResolver.cpp, line 773]
Event: 8.120 Thread 0x000002b51c13a800 Exception <a 'java/lang/NoSuchMethodError'{0x000000076a2fec08}: 'java.lang.Object java.lang.invoke.DirectMethodHandle$Holder.invokeStaticInit(java.lang.Object, java.lang.Object, java.lang.Object)'> (0x000000076a2fec08) thrown at [./src/hotspot/share/interpreter/linkResolver.cpp, line 773]
Event: 9.962 Thread 0x000002b51c13a800 Exception <a 'java/lang/NoSuchMethodError'{0x000000076bced9e8}: 'java.lang.Object java.lang.invoke.Invokers$Holder.linkToTargetMethod(java.lang.Object, java.lang.Object, java.lang.Object, java.lang.Object, java.lang.Object, java.lang.Object)'> (0x000000076bced9e8) thrown at [./src/hotspot/share/interpreter/linkResolver.cpp, line 773]
Event: 9.964 Thread 0x000002b51c13a800 Exception <a 'java/lang/NoSuchMethodError'{0x000000076bcf45b0}: 'int java.lang.invoke.DirectMethodHandle$Holder.invokeStaticInit(java.lang.Object, int)'> (0x000000076bcf45b0) thrown at [./src/hotspot/share/interpreter/linkResolver.cpp, line 773]
Event: 11.096 Thread 0x000002b51c13a800 Implicit null exception at 0x000002b528f3d3de to 0x000002b528f3db6a
Event: 13.060 Thread 0x000002b51c13a800 Exception <a 'java/lang/NoSuchMethodError'{0x0000000767703230}: 'int java.lang.invoke.DirectMethodHandle$Holder.invokeInterface(java.lang.Object, java.lang.Object)'> (0x0000000767703230) thrown at [./src/hotspot/share/interpreter/linkResolver.cpp, line 773]
Event: 13.159 Thread 0x000002b51c13a800 Exception <a 'java/lang/NoSuchMethodError'{0x0000000767630e10}: 'java.lang.Object java.lang.invoke.Invokers$Holder.linkToTargetMethod(java.lang.Object, java.lang.Object, java.lang.Object, java.lang.Object, java.lang.Object, java.lang.Object, java.lang.Object)'> (0x0000000767630e10) thrown at [./src/hotspot/share/interpreter/linkResolver.cpp, line 773]
Event: 13.267 Thread 0x000002b51c13a800 Implicit null exception at 0x000002b528f38175 to 0x000002b528f38364
Event: 13.790 Thread 0x000002b51c13a800 Exception <a 'java/lang/NoSuchMethodError'{0x000000076d1afeb8}: 'java.lang.Object java.lang.invoke.DirectMethodHandle$Holder.invokeStaticInit(java.lang.Object, java.lang.Object, java.lang.Object, java.lang.Object)'> (0x000000076d1afeb8) thrown at [./src/hotspot/share/interpreter/linkResolver.cpp, line 773]
Event: 14.573 Thread 0x000002b51c13a800 Exception <a 'java/lang/NoSuchMethodError'{0x000000076c4c48b8}: 'int java.lang.invoke.DirectMethodHandle$Holder.invokeStaticInit(java.lang.Object, java.lang.Object, java.lang.Object, java.lang.Object)'> (0x000000076c4c48b8) thrown at [./src/hotspot/share/interpreter/linkResolver.cpp, line 773]

Events (20 events):
Event: 19.605 loading class org/jetbrains/kotlin/ir/descriptors/IrBasedPropertyDescriptor
Event: 19.605 loading class org/jetbrains/kotlin/ir/descriptors/IrBasedPropertyDescriptor done
Event: 19.673 Executing VM operation: ICBufferFull
Event: 19.673 Executing VM operation: ICBufferFull done
Event: 19.678 loading class androidx/compose/compiler/plugins/kotlin/lower/ComposerTypeRemapper
Event: 19.678 loading class androidx/compose/compiler/plugins/kotlin/lower/ComposerTypeRemapper done
Event: 19.679 loading class androidx/compose/compiler/plugins/kotlin/lower/DeepCopyIrTreeWithSymbolsPreservingMetadata
Event: 19.679 loading class androidx/compose/compiler/plugins/kotlin/lower/DeepCopyIrTreeWithSymbolsPreservingMetadata done
Event: 19.682 loading class org/jetbrains/kotlin/ir/declarations/lazy/IrLazyConstructor$typeParameters$2$1
Event: 19.682 loading class org/jetbrains/kotlin/ir/declarations/lazy/IrLazyConstructor$typeParameters$2$1 done
Event: 19.687 loading class androidx/compose/compiler/plugins/kotlin/lower/ComposableTypeRemapperKt
Event: 19.687 loading class androidx/compose/compiler/plugins/kotlin/lower/ComposableTypeRemapperKt done
Event: 19.723 loading class org/jetbrains/kotlin/ir/symbols/IrScriptSymbol
Event: 19.723 loading class org/jetbrains/kotlin/ir/symbols/IrScriptSymbol done
Event: 19.806 loading class org/jetbrains/kotlin/ir/declarations/lazy/IrLazyTypeParameter$superTypes$2$1
Event: 19.806 loading class org/jetbrains/kotlin/ir/declarations/lazy/IrLazyTypeParameter$superTypes$2$1 done
Event: 19.816 Executing VM operation: ICBufferFull
Event: 19.816 Executing VM operation: ICBufferFull done
Event: 19.870 Executing VM operation: G1CollectForAllocation
Event: 19.905 Executing VM operation: G1CollectForAllocation done


Dynamic libraries:
0x00007ff720ab0000 - 0x00007ff720aba000 	C:\Users\Bayan\AppData\Local\JetBrains\Toolbox\apps\AndroidStudio\ch-0\213.7172.25.2113.9123335\jre\bin\java.exe
0x00007ffa1f650000 - 0x00007ffa1f864000 	C:\WINDOWS\SYSTEM32\ntdll.dll
0x00007ffa1f000000 - 0x00007ffa1f0c3000 	C:\WINDOWS\System32\KERNEL32.DLL
0x00007ffa1ca90000 - 0x00007ffa1ce2c000 	C:\WINDOWS\System32\KERNELBASE.dll
0x00007ffa1d230000 - 0x00007ffa1d341000 	C:\WINDOWS\System32\ucrtbase.dll
0x00007ffa0be80000 - 0x00007ffa0be97000 	C:\Users\Bayan\AppData\Local\JetBrains\Toolbox\apps\AndroidStudio\ch-0\213.7172.25.2113.9123335\jre\bin\VCRUNTIME140.dll
0x00007ffa0f7a0000 - 0x00007ffa0f7b9000 	C:\Users\Bayan\AppData\Local\JetBrains\Toolbox\apps\AndroidStudio\ch-0\213.7172.25.2113.9123335\jre\bin\jli.dll
0x00007ffa1dfc0000 - 0x00007ffa1e16d000 	C:\WINDOWS\System32\USER32.dll
0x00007ffa1ce30000 - 0x00007ffa1ce56000 	C:\WINDOWS\System32\win32u.dll
0x00007ffa0a380000 - 0x00007ffa0a60e000 	C:\WINDOWS\WinSxS\amd64_microsoft.windows.common-controls_6595b64144ccf1df_6.0.22621.608_none_a9444ca7c10bb01d\COMCTL32.dll
0x00007ffa1d560000 - 0x00007ffa1d589000 	C:\WINDOWS\System32\GDI32.dll
0x00007ffa1d050000 - 0x00007ffa1d162000 	C:\WINDOWS\System32\gdi32full.dll
0x00007ffa1deb0000 - 0x00007ffa1df57000 	C:\WINDOWS\System32\msvcrt.dll
0x00007ffa1d350000 - 0x00007ffa1d3ea000 	C:\WINDOWS\System32\msvcp_win.dll
0x00007ffa1dbc0000 - 0x00007ffa1dbf2000 	C:\WINDOWS\System32\IMM32.DLL
0x00007ff9efe90000 - 0x00007ff9eff2d000 	C:\Users\Bayan\AppData\Local\JetBrains\Toolbox\apps\AndroidStudio\ch-0\213.7172.25.2113.9123335\jre\bin\msvcp140.dll
0x00007ff9e03f0000 - 0x00007ff9e0ef2000 	C:\Users\Bayan\AppData\Local\JetBrains\Toolbox\apps\AndroidStudio\ch-0\213.7172.25.2113.9123335\jre\bin\server\jvm.dll
0x00007ffa1dd30000 - 0x00007ffa1ddde000 	C:\WINDOWS\System32\ADVAPI32.dll
0x00007ffa1de00000 - 0x00007ffa1dea4000 	C:\WINDOWS\System32\sechost.dll
0x00007ffa1da40000 - 0x00007ffa1db55000 	C:\WINDOWS\System32\RPCRT4.dll
0x00007ffa1dc10000 - 0x00007ffa1dc18000 	C:\WINDOWS\System32\PSAPI.DLL
0x00007ffa0d220000 - 0x00007ffa0d254000 	C:\WINDOWS\SYSTEM32\WINMM.dll
0x00007ffa17f70000 - 0x00007ffa17f79000 	C:\WINDOWS\SYSTEM32\WSOCK32.dll
0x00007ffa1d460000 - 0x00007ffa1d4d1000 	C:\WINDOWS\System32\WS2_32.dll
0x00007ffa09e60000 - 0x00007ffa09e6a000 	C:\WINDOWS\SYSTEM32\VERSION.dll
0x00007ffa1bb90000 - 0x00007ffa1bba8000 	C:\WINDOWS\SYSTEM32\kernel.appcore.dll
0x00007ffa10e80000 - 0x00007ffa10e91000 	C:\Users\Bayan\AppData\Local\JetBrains\Toolbox\apps\AndroidStudio\ch-0\213.7172.25.2113.9123335\jre\bin\verify.dll
0x00007ffa07430000 - 0x00007ffa0765e000 	C:\WINDOWS\SYSTEM32\DBGHELP.DLL
0x00007ffa1f280000 - 0x00007ffa1f60a000 	C:\WINDOWS\System32\combase.dll
0x00007ffa1d860000 - 0x00007ffa1d937000 	C:\WINDOWS\System32\OLEAUT32.dll
0x00007ffa072a0000 - 0x00007ffa072d2000 	C:\WINDOWS\SYSTEM32\dbgcore.DLL
0x00007ffa1cfd0000 - 0x00007ffa1d04b000 	C:\WINDOWS\System32\bcryptPrimitives.dll
0x00007ffa10e50000 - 0x00007ffa10e79000 	C:\Users\Bayan\AppData\Local\JetBrains\Toolbox\apps\AndroidStudio\ch-0\213.7172.25.2113.9123335\jre\bin\java.dll
0x00007ffa10e20000 - 0x00007ffa10e2b000 	C:\Users\Bayan\AppData\Local\JetBrains\Toolbox\apps\AndroidStudio\ch-0\213.7172.25.2113.9123335\jre\bin\jimage.dll
0x00007ffa10a20000 - 0x00007ffa10a38000 	C:\Users\Bayan\AppData\Local\JetBrains\Toolbox\apps\AndroidStudio\ch-0\213.7172.25.2113.9123335\jre\bin\zip.dll
0x00007ffa1e810000 - 0x00007ffa1efff000 	C:\WINDOWS\System32\SHELL32.dll
0x00007ffa1aa70000 - 0x00007ffa1b338000 	C:\WINDOWS\SYSTEM32\windows.storage.dll
0x00007ffa1a930000 - 0x00007ffa1aa6e000 	C:\WINDOWS\SYSTEM32\wintypes.dll
0x00007ffa1dc20000 - 0x00007ffa1dd11000 	C:\WINDOWS\System32\SHCORE.dll
0x00007ffa1df60000 - 0x00007ffa1dfbe000 	C:\WINDOWS\System32\shlwapi.dll
0x00007ffa1c9c0000 - 0x00007ffa1c9e1000 	C:\WINDOWS\SYSTEM32\profapi.dll
0x00007ffa10a00000 - 0x00007ffa10a1a000 	C:\Users\Bayan\AppData\Local\JetBrains\Toolbox\apps\AndroidStudio\ch-0\213.7172.25.2113.9123335\jre\bin\net.dll
0x00007ffa15f70000 - 0x00007ffa1609f000 	C:\WINDOWS\SYSTEM32\WINHTTP.dll
0x00007ffa1bff0000 - 0x00007ffa1c059000 	C:\WINDOWS\system32\mswsock.dll
0x00007ffa101f0000 - 0x00007ffa10204000 	C:\Users\Bayan\AppData\Local\JetBrains\Toolbox\apps\AndroidStudio\ch-0\213.7172.25.2113.9123335\jre\bin\nio.dll

dbghelp: loaded successfully - version: 4.0.5 - missing functions: none
symbol engine: initialized successfully - sym options: 0x614 - pdb path: .;C:\Users\Bayan\AppData\Local\JetBrains\Toolbox\apps\AndroidStudio\ch-0\213.7172.25.2113.9123335\jre\bin;C:\WINDOWS\SYSTEM32;C:\WINDOWS\WinSxS\amd64_microsoft.windows.common-controls_6595b64144ccf1df_6.0.22621.608_none_a9444ca7c10bb01d;C:\Users\Bayan\AppData\Local\JetBrains\Toolbox\apps\AndroidStudio\ch-0\213.7172.25.2113.9123335\jre\bin\server

VM Arguments:
java_command: org.jetbrains.kotlin.cli.jvm.K2JVMCompiler @C:\Users\Bayan\AndroidStudioProjects\ComposeCourse\app\build\20230228_3445213397935850794.compiler.options
java_class_path (initial): C:\Users\Bayan\.gradle\caches\modules-2\files-2.1\org.jetbrains.kotlin\kotlin-compiler-embeddable\1.6.10\88f2073f4020cdb83132cfe940ceb9a60aba54ea\kotlin-compiler-embeddable-1.6.10.jar;C:\Users\Bayan\.gradle\caches\modules-2\files-2.1\org.jetbrains.kotlin\kotlin-reflect\1.6.10\1cbe9c92c12a94eea200d23c2bbaedaf3daf5132\kotlin-reflect-1.6.10.jar;C:\Users\Bayan\.gradle\caches\modules-2\files-2.1\org.jetbrains.kotlin\kotlin-stdlib\1.6.10\b8af3fe6f1ca88526914929add63cf5e7c5049af\kotlin-stdlib-1.6.10.jar;C:\Users\Bayan\.gradle\caches\modules-2\files-2.1\org.jetbrains.kotlin\kotlin-script-runtime\1.6.10\d0a7ff2e2500ef497ed0214ae40ad3c8387a6164\kotlin-script-runtime-1.6.10.jar;C:\Users\Bayan\.gradle\caches\modules-2\files-2.1\org.jetbrains.kotlin\kotlin-daemon-embeddable\1.6.10\a56d79bcbea411fa6058e4ecffc2de73e742bd2a\kotlin-daemon-embeddable-1.6.10.jar;C:\Users\Bayan\.gradle\caches\modules-2\files-2.1\org.jetbrains.intellij.deps\trove4j\1.0.20181211\216c2e14b070f334479d800987affe4054cd563f\trove4j-1.0.20181211.jar;C:\Users\Bayan\.gradle\caches\modules-2\files-2.1\net.java.dev.jna\jna\5.6.0\330f2244e9030119ab3030fc3fededc86713d9cc\jna-5.6.0.jar;C:\Users\Bayan\.gradle\caches\modules-2\files-2.1\org.jetbrains\annotations\13.0\919f0dfe192fb4e063e7dacadee7f8bb9a2672a9\annotations-13.0.jar;C:\Users\Bayan\.gradle\caches\modules-2\files-2.1\org.jetbrains.kotlin\kotlin-stdlib-common\1.6.10\c118700e3a33c8a0d9adc920e9dec0831171925\kotlin-stdlib-common-1.6.10.jar
Launcher Type: SUN_STANDARD

[Global flags]
     intx CICompilerCount                          = 3                                         {product} {ergonomic}
     uint ConcGCThreads                            = 1                                         {product} {ergonomic}
     uint G1ConcRefinementThreads                  = 4                                         {product} {ergonomic}
   size_t G1HeapRegionSize                         = 1048576                                   {product} {ergonomic}
    uintx GCDrainStackTargetSize                   = 64                                        {product} {ergonomic}
   size_t InitialHeapSize                          = 167772160                                 {product} {ergonomic}
   size_t MarkStackSize                            = 4194304                                   {product} {ergonomic}
   size_t MaxHeapSize                              = 2665480192                                {product} {ergonomic}
   size_t MaxNewSize                               = 1599078400                                {product} {ergonomic}
   size_t MinHeapDeltaBytes                        = 1048576                                   {product} {ergonomic}
    uintx NonNMethodCodeHeapSize                   = 5830732                                {pd product} {ergonomic}
    uintx NonProfiledCodeHeapSize                  = 122913754                              {pd product} {ergonomic}
    uintx ProfiledCodeHeapSize                     = 122913754                              {pd product} {ergonomic}
    uintx ReservedCodeCacheSize                    = 251658240                              {pd product} {ergonomic}
     bool SegmentedCodeCache                       = true                                      {product} {ergonomic}
     bool UseCompressedClassPointers               = true                                 {lp64_product} {ergonomic}
     bool UseCompressedOops                        = true                                 {lp64_product} {ergonomic}
     bool UseG1GC                                  = true                                      {product} {ergonomic}
     bool UseLargePagesIndividualAllocation        = false                                  {pd product} {ergonomic}

Logging:
Log output configuration:
 #0: stdout all=warning uptime,level,tags
 #1: stderr all=off uptime,level,tags

Environment Variables:
PATH=C:\WINDOWS\system32;C:\WINDOWS;C:\WINDOWS\System32\Wbem;C:\WINDOWS\System32\WindowsPowerShell\v1.0\;C:\WINDOWS\System32\OpenSSH\;C:\Program Files\dotnet\;C:\Program Files\Git\cmd;C:\Program Files (x86)\AOMEI\AOMEI Backupper\6.5.1;C:\Users\Bayan\AppData\Local\Programs\Python\Python311\Scripts\;C:\Users\Bayan\AppData\Local\Programs\Python\Python311\;C:\Users\Bayan\AppData\Local\Microsoft\WindowsApps;C:\Users\Bayan\AppData\Local\JetBrains\Toolbox\scripts;D:\Libraries\Programs\Executable;C:\Users\Bayan\Programs\Installer\yt-dlp\yt-dlp-gui\src\dist\yt-dlp-gui;C:\Users\Bayan\AppData\Local\Microsoft\WindowsApps;D:\Libraries\Programs\Android;C:\Users\Bayan\AppData\Local\Android\Sdk\platform-tools;
USERNAME=Bayan
OS=Windows_NT
PROCESSOR_IDENTIFIER=Intel64 Family 6 Model 60 Stepping 3, GenuineIntel



---------------  S Y S T E M  ---------------

OS: Windows 11 , 64 bit Build 22621 (10.0.22621.1194)
OS uptime: 0 days 14:13 hours
Hyper-V role detected

CPU:total 4 (initial active 4) (2 cores per cpu, 2 threads per core) family 6 model 60 stepping 3 microcode 0x28, cmov, cx8, fxsr, mmx, sse, sse2, sse3, ssse3, sse4.1, sse4.2, popcnt, avx, avx2, aes, clmul, erms, lzcnt, ht, tsc, tscinvbit, bmi1, bmi2, fma

Memory: 4k page, system-wide physical 10165M (1378M free)
TotalPageFile size 10165M (AvailPageFile size 5M)
current process WorkingSet (physical memory assigned to process): 344M, peak: 344M
current process commit charge ("private bytes"): 407M, peak: 414M

vm_info: OpenJDK 64-Bit Server VM (11.0.13+0-b1751.21-8125866) for windows-amd64 JRE (11.0.13+0-b1751.21-8125866), built on Feb  2 2022 03:00:22 by "builder" with MS VC++ 14.0 (VS2015)

END.
